[2m2024-06-21T23:53:54.693785Z[0m [32m INFO[0m [2mdaemon[0m[2m:[0m [2m31:[0m Initialized logger, collected Config File .config/local.toml
[2m2024-06-21T23:53:54.694134Z[0m [34mDEBUG[0m [2mdaemon[0m[2m:[0m [2m35:[0m Using configuration: UdmConfigurer { udm: Configurer { port: 19211 }, daemon: DaemonConfigurer { postgres: Some(PostgresConfigurer { user: "postgres", password: "postgres", db_name: "postgres", db_port: 5432, host: "localhost", application_name: None, options: None }), sqlite: None, log_file_path: "./udm_daemon.log" } }
[2m2024-06-21T23:53:54.694349Z[0m [32m INFO[0m [2mlib::parsers[0m[2m:[0m [2m17:[0m Configuration has been validated. NO ERRORS!
[2m2024-06-21T23:53:54.694448Z[0m [32m INFO[0m [2mlib::db[0m[2m:[0m [2m85:[0m Using postgres as the Database
[2m2024-06-21T23:53:54.725110Z[0m [35mTRACE[0m [2mtokio_util::codec::framed_impl[0m[2m:[0m [2m280:[0m flushing framed transport
[2m2024-06-21T23:53:54.725300Z[0m [35mTRACE[0m [2mtokio_util::codec::framed_impl[0m[2m:[0m [2m285:[0m writing; [3mremaining[0m[2m=[0m89
[2m2024-06-21T23:53:54.725543Z[0m [35mTRACE[0m [2mtokio_util::codec::framed_impl[0m[2m:[0m [2m302:[0m framed transport flushed
[2m2024-06-21T23:53:54.730738Z[0m [35mTRACE[0m [2mtokio_util::codec::framed_impl[0m[2m:[0m [2m201:[0m attempting to decode a frame
[2m2024-06-21T23:53:54.731042Z[0m [35mTRACE[0m [2mtokio_util::codec::framed_impl[0m[2m:[0m [2m208:[0m frame decoded from buffer
[2m2024-06-21T23:53:54.731148Z[0m [35mTRACE[0m [2mtokio_util::codec::framed_impl[0m[2m:[0m [2m201:[0m attempting to decode a frame
[2m2024-06-21T23:53:54.731215Z[0m [35mTRACE[0m [2mtokio_util::codec::framed_impl[0m[2m:[0m [2m208:[0m frame decoded from buffer
[2m2024-06-21T23:53:54.731306Z[0m [35mTRACE[0m [2mtokio_util::codec::framed_impl[0m[2m:[0m [2m201:[0m attempting to decode a frame
[2m2024-06-21T23:53:54.731360Z[0m [35mTRACE[0m [2mtokio_util::codec::framed_impl[0m[2m:[0m [2m208:[0m frame decoded from buffer
[2m2024-06-21T23:53:54.731412Z[0m [35mTRACE[0m [2mtokio_util::codec::framed_impl[0m[2m:[0m [2m201:[0m attempting to decode a frame
[2m2024-06-21T23:53:54.731463Z[0m [35mTRACE[0m [2mtokio_util::codec::framed_impl[0m[2m:[0m [2m208:[0m frame decoded from buffer
[2m2024-06-21T23:53:54.731513Z[0m [35mTRACE[0m [2mtokio_util::codec::framed_impl[0m[2m:[0m [2m201:[0m attempting to decode a frame
[2m2024-06-21T23:53:54.731563Z[0m [35mTRACE[0m [2mtokio_util::codec::framed_impl[0m[2m:[0m [2m208:[0m frame decoded from buffer
[2m2024-06-21T23:53:54.731625Z[0m [35mTRACE[0m [2mtokio_util::codec::framed_impl[0m[2m:[0m [2m201:[0m attempting to decode a frame
[2m2024-06-21T23:53:54.731675Z[0m [35mTRACE[0m [2mtokio_util::codec::framed_impl[0m[2m:[0m [2m208:[0m frame decoded from buffer
[2m2024-06-21T23:53:54.731727Z[0m [35mTRACE[0m [2mtokio_util::codec::framed_impl[0m[2m:[0m [2m201:[0m attempting to decode a frame
[2m2024-06-21T23:53:54.731778Z[0m [35mTRACE[0m [2mtokio_util::codec::framed_impl[0m[2m:[0m [2m208:[0m frame decoded from buffer
[2m2024-06-21T23:53:54.731829Z[0m [35mTRACE[0m [2mtokio_util::codec::framed_impl[0m[2m:[0m [2m201:[0m attempting to decode a frame
[2m2024-06-21T23:53:54.731880Z[0m [35mTRACE[0m [2mtokio_util::codec::framed_impl[0m[2m:[0m [2m208:[0m frame decoded from buffer
[2m2024-06-21T23:53:54.731931Z[0m [35mTRACE[0m [2mtokio_util::codec::framed_impl[0m[2m:[0m [2m201:[0m attempting to decode a frame
[2m2024-06-21T23:53:54.731981Z[0m [35mTRACE[0m [2mtokio_util::codec::framed_impl[0m[2m:[0m [2m208:[0m frame decoded from buffer
[2m2024-06-21T23:53:54.732041Z[0m [35mTRACE[0m [2mtokio_util::codec::framed_impl[0m[2m:[0m [2m201:[0m attempting to decode a frame
[2m2024-06-21T23:53:54.732092Z[0m [35mTRACE[0m [2mtokio_util::codec::framed_impl[0m[2m:[0m [2m208:[0m frame decoded from buffer
[2m2024-06-21T23:53:54.732143Z[0m [35mTRACE[0m [2mtokio_util::codec::framed_impl[0m[2m:[0m [2m201:[0m attempting to decode a frame
[2m2024-06-21T23:53:54.732234Z[0m [35mTRACE[0m [2mtokio_util::codec::framed_impl[0m[2m:[0m [2m208:[0m frame decoded from buffer
[2m2024-06-21T23:53:54.732286Z[0m [35mTRACE[0m [2mtokio_util::codec::framed_impl[0m[2m:[0m [2m201:[0m attempting to decode a frame
[2m2024-06-21T23:53:54.732336Z[0m [35mTRACE[0m [2mtokio_util::codec::framed_impl[0m[2m:[0m [2m208:[0m frame decoded from buffer
[2m2024-06-21T23:53:54.732386Z[0m [35mTRACE[0m [2mtokio_util::codec::framed_impl[0m[2m:[0m [2m201:[0m attempting to decode a frame
[2m2024-06-21T23:53:54.732436Z[0m [35mTRACE[0m [2mtokio_util::codec::framed_impl[0m[2m:[0m [2m208:[0m frame decoded from buffer
[2m2024-06-21T23:53:54.732486Z[0m [35mTRACE[0m [2mtokio_util::codec::framed_impl[0m[2m:[0m [2m201:[0m attempting to decode a frame
[2m2024-06-21T23:53:54.732536Z[0m [35mTRACE[0m [2mtokio_util::codec::framed_impl[0m[2m:[0m [2m208:[0m frame decoded from buffer
[2m2024-06-21T23:53:54.732587Z[0m [35mTRACE[0m [2mtokio_util::codec::framed_impl[0m[2m:[0m [2m201:[0m attempting to decode a frame
[2m2024-06-21T23:53:54.732638Z[0m [35mTRACE[0m [2mtokio_util::codec::framed_impl[0m[2m:[0m [2m208:[0m frame decoded from buffer
[2m2024-06-21T23:53:54.732689Z[0m [35mTRACE[0m [2mtokio_util::codec::framed_impl[0m[2m:[0m [2m201:[0m attempting to decode a frame
[2m2024-06-21T23:53:54.732734Z[0m [35mTRACE[0m [2mtokio_util::codec::framed_impl[0m[2m:[0m [2m208:[0m frame decoded from buffer
[2m2024-06-21T23:53:54.732983Z[0m [32m INFO[0m [2mdaemon[0m[2m:[0m [2m40:[0m Initializing database
[2m2024-06-21T23:53:54.733587Z[0m [34mDEBUG[0m [2mlib::db::postgres::conn[0m[2m:[0m [2m130:[0m Ensure schmea is defined
[2m2024-06-21T23:53:54.733711Z[0m [34mDEBUG[0m [2mtokio_postgres::simple_query[0m[2m:[0m [2m49:[0m executing statement batch: CREATE TABLE IF NOT EXISTS "FluidRegulation" ( "fr_id" serial NOT NULL PRIMARY KEY, "regulator_type" integer NOT NULL, "gpio_pin" integer ); CREATE TABLE IF NOT EXISTS "Instruction" ( "instruction_id" serial NOT NULL PRIMARY KEY, "instruction_detail" text, "instruction_name" text NOT NULL ); CREATE TABLE IF NOT EXISTS "Recipe" ( "recipe_id" serial NOT NULL PRIMARY KEY, "name" text NOT NULL UNIQUE, "user_input" bool NOT NULL DEFAULT FALSE, "drink_size" integer NOT NULL DEFAULT 0, "description" text NOT NULL UNIQUE ); CREATE TABLE IF NOT EXISTS "Ingredient" ( "ingredient_id" serial NOT NULL PRIMARY KEY, "name" text NOT NULL, "alcoholic" bool NOT NULL DEFAULT FALSE, "description" text, "is_active" bool NOT NULL DEFAULT FALSE, "amount" real, "ingredient_type" integer NOT NULL, "fr_id" integer, "instruction_id" integer, CONSTRAINT "fk_fluidregulation" FOREIGN KEY ("fr_id") REFERENCES "FluidRegulation" ("fr_id") ON DELETE SET NULL ON UPDATE SET NULL, CONSTRAINT "fk_instruction" FOREIGN KEY ("instruction_id") REFERENCES "Instruction" ("instruction_id") ON DELETE SET NULL ON UPDATE SET NULL ); CREATE TABLE IF NOT EXISTS "InstructionToRecipe" ( "id" serial NOT NULL PRIMARY KEY, "recipe_id" integer, "instruction_id" integer, "instruction_order" integer NOT NULL, CONSTRAINT "fk_recipe" FOREIGN KEY ("recipe_id") REFERENCES "Recipe" ("recipe_id") ON DELETE SET NULL ON UPDATE SET NULL, CONSTRAINT "fk_instruction" FOREIGN KEY ("instruction_id") REFERENCES "Instruction" ("instruction_id") ON DELETE SET NULL ON UPDATE SET NULL )    
[2m2024-06-21T23:53:54.733640Z[0m [35mTRACE[0m [2mtokio_util::codec::framed_impl[0m[2m:[0m [2m201:[0m attempting to decode a frame
[2m2024-06-21T23:53:54.734072Z[0m [35mTRACE[0m [2mtokio_postgres::connection[0m[2m:[0m [2m106:[0m poll_read: waiting on response    
[2m2024-06-21T23:53:54.734167Z[0m [35mTRACE[0m [2mtokio_postgres::connection[0m[2m:[0m [2m184:[0m polled new request    
[2m2024-06-21T23:53:54.734247Z[0m [35mTRACE[0m [2mtokio_postgres::connection[0m[2m:[0m [2m228:[0m poll_write: waiting on request    
[2m2024-06-21T23:53:54.734304Z[0m [35mTRACE[0m [2mtokio_util::codec::framed_impl[0m[2m:[0m [2m280:[0m flushing framed transport
[2m2024-06-21T23:53:54.734393Z[0m [35mTRACE[0m [2mtokio_util::codec::framed_impl[0m[2m:[0m [2m285:[0m writing; [3mremaining[0m[2m=[0m1543
[2m2024-06-21T23:53:54.735498Z[0m [35mTRACE[0m [2mtokio_util::codec::framed_impl[0m[2m:[0m [2m302:[0m framed transport flushed
[2m2024-06-21T23:53:54.735679Z[0m [35mTRACE[0m [2mtokio_postgres::connection[0m[2m:[0m [2m270:[0m poll_flush: flushed    
[2m2024-06-21T23:53:54.736156Z[0m [35mTRACE[0m [2mtokio_util::codec::framed_impl[0m[2m:[0m [2m201:[0m attempting to decode a frame
[2m2024-06-21T23:53:54.736327Z[0m [35mTRACE[0m [2mtokio_util::codec::framed_impl[0m[2m:[0m [2m208:[0m frame decoded from buffer
[2m2024-06-21T23:53:54.736470Z[0m [35mTRACE[0m [2mtokio_postgres::connection[0m[2m:[0m [2m228:[0m poll_write: waiting on request    
[2m2024-06-21T23:53:54.736527Z[0m [35mTRACE[0m [2mtokio_util::codec::framed_impl[0m[2m:[0m [2m280:[0m flushing framed transport
[2m2024-06-21T23:53:54.736574Z[0m [35mTRACE[0m [2mtokio_util::codec::framed_impl[0m[2m:[0m [2m302:[0m framed transport flushed
[2m2024-06-21T23:53:54.736621Z[0m [35mTRACE[0m [2mtokio_postgres::connection[0m[2m:[0m [2m270:[0m poll_flush: flushed    
[2m2024-06-21T23:53:54.736673Z[0m [32m INFO[0m [2mtokio_postgres::connection[0m[2m:[0m [2m338:[0m NOTICE: relation "FluidRegulation" already exists, skipping    
[2m2024-06-21T23:53:54.736806Z[0m [35mTRACE[0m [2mtokio_util::codec::framed_impl[0m[2m:[0m [2m201:[0m attempting to decode a frame
[2m2024-06-21T23:53:54.736869Z[0m [35mTRACE[0m [2mtokio_util::codec::framed_impl[0m[2m:[0m [2m208:[0m frame decoded from buffer
[2m2024-06-21T23:53:54.736951Z[0m [35mTRACE[0m [2mtokio_util::codec::framed_impl[0m[2m:[0m [2m201:[0m attempting to decode a frame
[2m2024-06-21T23:53:54.737005Z[0m [35mTRACE[0m [2mtokio_util::codec::framed_impl[0m[2m:[0m [2m208:[0m frame decoded from buffer
[2m2024-06-21T23:53:54.737093Z[0m [35mTRACE[0m [2mtokio_postgres::connection[0m[2m:[0m [2m228:[0m poll_write: waiting on request    
[2m2024-06-21T23:53:54.737145Z[0m [35mTRACE[0m [2mtokio_util::codec::framed_impl[0m[2m:[0m [2m280:[0m flushing framed transport
[2m2024-06-21T23:53:54.737190Z[0m [35mTRACE[0m [2mtokio_util::codec::framed_impl[0m[2m:[0m [2m302:[0m framed transport flushed
[2m2024-06-21T23:53:54.737236Z[0m [35mTRACE[0m [2mtokio_postgres::connection[0m[2m:[0m [2m270:[0m poll_flush: flushed    
[2m2024-06-21T23:53:54.737287Z[0m [32m INFO[0m [2mtokio_postgres::connection[0m[2m:[0m [2m338:[0m NOTICE: relation "Instruction" already exists, skipping    
[2m2024-06-21T23:53:54.737383Z[0m [35mTRACE[0m [2mtokio_util::codec::framed_impl[0m[2m:[0m [2m201:[0m attempting to decode a frame
[2m2024-06-21T23:53:54.737437Z[0m [35mTRACE[0m [2mtokio_util::codec::framed_impl[0m[2m:[0m [2m208:[0m frame decoded from buffer
[2m2024-06-21T23:53:54.737513Z[0m [35mTRACE[0m [2mtokio_util::codec::framed_impl[0m[2m:[0m [2m201:[0m attempting to decode a frame
[2m2024-06-21T23:53:54.737568Z[0m [35mTRACE[0m [2mtokio_util::codec::framed_impl[0m[2m:[0m [2m208:[0m frame decoded from buffer
[2m2024-06-21T23:53:54.737659Z[0m [35mTRACE[0m [2mtokio_postgres::connection[0m[2m:[0m [2m228:[0m poll_write: waiting on request    
[2m2024-06-21T23:53:54.737708Z[0m [35mTRACE[0m [2mtokio_util::codec::framed_impl[0m[2m:[0m [2m280:[0m flushing framed transport
[2m2024-06-21T23:53:54.737752Z[0m [35mTRACE[0m [2mtokio_util::codec::framed_impl[0m[2m:[0m [2m302:[0m framed transport flushed
[2m2024-06-21T23:53:54.737798Z[0m [35mTRACE[0m [2mtokio_postgres::connection[0m[2m:[0m [2m270:[0m poll_flush: flushed    
[2m2024-06-21T23:53:54.737849Z[0m [32m INFO[0m [2mtokio_postgres::connection[0m[2m:[0m [2m338:[0m NOTICE: relation "Recipe" already exists, skipping    
[2m2024-06-21T23:53:54.737944Z[0m [35mTRACE[0m [2mtokio_util::codec::framed_impl[0m[2m:[0m [2m201:[0m attempting to decode a frame
[2m2024-06-21T23:53:54.738034Z[0m [35mTRACE[0m [2mtokio_util::codec::framed_impl[0m[2m:[0m [2m208:[0m frame decoded from buffer
[2m2024-06-21T23:53:54.738110Z[0m [35mTRACE[0m [2mtokio_util::codec::framed_impl[0m[2m:[0m [2m201:[0m attempting to decode a frame
[2m2024-06-21T23:53:54.738165Z[0m [35mTRACE[0m [2mtokio_util::codec::framed_impl[0m[2m:[0m [2m208:[0m frame decoded from buffer
[2m2024-06-21T23:53:54.738254Z[0m [35mTRACE[0m [2mtokio_postgres::connection[0m[2m:[0m [2m228:[0m poll_write: waiting on request    
[2m2024-06-21T23:53:54.738308Z[0m [35mTRACE[0m [2mtokio_util::codec::framed_impl[0m[2m:[0m [2m280:[0m flushing framed transport
[2m2024-06-21T23:53:54.738353Z[0m [35mTRACE[0m [2mtokio_util::codec::framed_impl[0m[2m:[0m [2m302:[0m framed transport flushed
[2m2024-06-21T23:53:54.738400Z[0m [35mTRACE[0m [2mtokio_postgres::connection[0m[2m:[0m [2m270:[0m poll_flush: flushed    
[2m2024-06-21T23:53:54.738451Z[0m [32m INFO[0m [2mtokio_postgres::connection[0m[2m:[0m [2m338:[0m NOTICE: relation "Ingredient" already exists, skipping    
[2m2024-06-21T23:53:54.738553Z[0m [35mTRACE[0m [2mtokio_util::codec::framed_impl[0m[2m:[0m [2m201:[0m attempting to decode a frame
[2m2024-06-21T23:53:54.738614Z[0m [35mTRACE[0m [2mtokio_util::codec::framed_impl[0m[2m:[0m [2m208:[0m frame decoded from buffer
[2m2024-06-21T23:53:54.738677Z[0m [35mTRACE[0m [2mtokio_util::codec::framed_impl[0m[2m:[0m [2m201:[0m attempting to decode a frame
[2m2024-06-21T23:53:54.738731Z[0m [35mTRACE[0m [2mtokio_util::codec::framed_impl[0m[2m:[0m [2m208:[0m frame decoded from buffer
[2m2024-06-21T23:53:54.738853Z[0m [35mTRACE[0m [2mtokio_postgres::connection[0m[2m:[0m [2m228:[0m poll_write: waiting on request    
[2m2024-06-21T23:53:54.738912Z[0m [35mTRACE[0m [2mtokio_util::codec::framed_impl[0m[2m:[0m [2m280:[0m flushing framed transport
[2m2024-06-21T23:53:54.738958Z[0m [35mTRACE[0m [2mtokio_util::codec::framed_impl[0m[2m:[0m [2m302:[0m framed transport flushed
[2m2024-06-21T23:53:54.739004Z[0m [35mTRACE[0m [2mtokio_postgres::connection[0m[2m:[0m [2m270:[0m poll_flush: flushed    
[2m2024-06-21T23:53:54.739054Z[0m [32m INFO[0m [2mtokio_postgres::connection[0m[2m:[0m [2m338:[0m NOTICE: relation "InstructionToRecipe" already exists, skipping    
[2m2024-06-21T23:53:54.739154Z[0m [35mTRACE[0m [2mtokio_util::codec::framed_impl[0m[2m:[0m [2m201:[0m attempting to decode a frame
[2m2024-06-21T23:53:54.739203Z[0m [35mTRACE[0m [2mtokio_util::codec::framed_impl[0m[2m:[0m [2m208:[0m frame decoded from buffer
[2m2024-06-21T23:53:54.739292Z[0m [35mTRACE[0m [2mtokio_postgres::connection[0m[2m:[0m [2m165:[0m poll_read: waiting on sender    
[2m2024-06-21T23:53:54.739348Z[0m [35mTRACE[0m [2mtokio_postgres::connection[0m[2m:[0m [2m228:[0m poll_write: waiting on request    
[2m2024-06-21T23:53:54.739392Z[0m [35mTRACE[0m [2mtokio_util::codec::framed_impl[0m[2m:[0m [2m280:[0m flushing framed transport
[2m2024-06-21T23:53:54.739436Z[0m [35mTRACE[0m [2mtokio_util::codec::framed_impl[0m[2m:[0m [2m302:[0m framed transport flushed
[2m2024-06-21T23:53:54.739482Z[0m [35mTRACE[0m [2mtokio_postgres::connection[0m[2m:[0m [2m270:[0m poll_flush: flushed    
[2m2024-06-21T23:53:54.739783Z[0m [35mTRACE[0m [2mtokio_postgres::connection[0m[2m:[0m [2m86:[0m retrying pending response    
[2m2024-06-21T23:53:54.739940Z[0m [35mTRACE[0m [2mtokio_util::codec::framed_impl[0m[2m:[0m [2m201:[0m attempting to decode a frame
[2m2024-06-21T23:53:54.740044Z[0m [35mTRACE[0m [2mtokio_postgres::connection[0m[2m:[0m [2m106:[0m poll_read: waiting on response    
[2m2024-06-21T23:53:54.740107Z[0m [35mTRACE[0m [2mtokio_postgres::connection[0m[2m:[0m [2m228:[0m poll_write: waiting on request    
[2m2024-06-21T23:53:54.740155Z[0m [35mTRACE[0m [2mtokio_util::codec::framed_impl[0m[2m:[0m [2m280:[0m flushing framed transport
[2m2024-06-21T23:53:54.740277Z[0m [35mTRACE[0m [2mtokio_util::codec::framed_impl[0m[2m:[0m [2m302:[0m framed transport flushed
[2m2024-06-21T23:53:54.740352Z[0m [35mTRACE[0m [2mtokio_postgres::connection[0m[2m:[0m [2m270:[0m poll_flush: flushed    
[2m2024-06-21T23:53:54.740288Z[0m [32m INFO[0m [2mdaemon[0m[2m:[0m [2m50:[0m Attempting to start server on 127.0.0.1:19211
[2m2024-06-21T23:53:54.741355Z[0m [32m INFO[0m [2mlib::rpc_types::server[0m[2m:[0m [2m803:[0m Running Udm Service on 127.0.0.1:19211
[2m2024-06-21T23:53:59.434643Z[0m [34mDEBUG[0m [1mserver_handshake[0m[2m:[0m[1mFramedWrite::buffer[0m[1m{[0m[3mframe[0m[2m=[0mSettings { flags: (0x0), initial_window_size: 1048576, max_frame_size: 16384, max_header_list_size: 16777216 }[1m}[0m[2m:[0m [2mh2::codec::framed_write[0m[2m:[0m [2m213:[0m send [3mframe[0m[2m=[0mSettings { flags: (0x0), initial_window_size: 1048576, max_frame_size: 16384, max_header_list_size: 16777216 }
[2m2024-06-21T23:53:59.435846Z[0m [35mTRACE[0m [1mserver_handshake[0m[2m:[0m[1mFramedWrite::buffer[0m[1m{[0m[3mframe[0m[2m=[0mSettings { flags: (0x0), initial_window_size: 1048576, max_frame_size: 16384, max_header_list_size: 16777216 }[1m}[0m[2m:[0m [2mh2::frame::settings[0m[2m:[0m [2m218:[0m encoding SETTINGS; len=18
[2m2024-06-21T23:53:59.436116Z[0m [35mTRACE[0m [1mserver_handshake[0m[2m:[0m[1mFramedWrite::buffer[0m[1m{[0m[3mframe[0m[2m=[0mSettings { flags: (0x0), initial_window_size: 1048576, max_frame_size: 16384, max_header_list_size: 16777216 }[1m}[0m[2m:[0m [2mh2::frame::settings[0m[2m:[0m [2m224:[0m encoding setting; val=InitialWindowSize(1048576)
[2m2024-06-21T23:53:59.436239Z[0m [35mTRACE[0m [1mserver_handshake[0m[2m:[0m[1mFramedWrite::buffer[0m[1m{[0m[3mframe[0m[2m=[0mSettings { flags: (0x0), initial_window_size: 1048576, max_frame_size: 16384, max_header_list_size: 16777216 }[1m}[0m[2m:[0m [2mh2::frame::settings[0m[2m:[0m [2m224:[0m encoding setting; val=MaxFrameSize(16384)
[2m2024-06-21T23:53:59.436313Z[0m [35mTRACE[0m [1mserver_handshake[0m[2m:[0m[1mFramedWrite::buffer[0m[1m{[0m[3mframe[0m[2m=[0mSettings { flags: (0x0), initial_window_size: 1048576, max_frame_size: 16384, max_header_list_size: 16777216 }[1m}[0m[2m:[0m [2mh2::frame::settings[0m[2m:[0m [2m224:[0m encoding setting; val=MaxHeaderListSize(16777216)
[2m2024-06-21T23:53:59.436400Z[0m [35mTRACE[0m [1mserver_handshake[0m[2m:[0m[1mFramedWrite::buffer[0m[1m{[0m[3mframe[0m[2m=[0mSettings { flags: (0x0), initial_window_size: 1048576, max_frame_size: 16384, max_header_list_size: 16777216 }[1m}[0m[2m:[0m [2mh2::codec::framed_write[0m[2m:[0m [2m262:[0m encoded settings [3mrem[0m[2m=[0m27
[2m2024-06-21T23:53:59.436685Z[0m [35mTRACE[0m [1mserver_handshake[0m[2m:[0m [2mh2::server[0m[2m:[0m [2m1353:[0m [3mstate[0m[2m=[0mFlushing(_)
[2m2024-06-21T23:53:59.436965Z[0m [35mTRACE[0m [1mserver_handshake[0m[2m:[0m[1mflush[0m[2m:[0m[1mFramedWrite::flush[0m[2m:[0m [2mh2::codec::framed_write[0m[2m:[0m [2m143:[0m [3mqueued_data_frame[0m[2m=[0mfalse
[2m2024-06-21T23:53:59.437395Z[0m [35mTRACE[0m [1mserver_handshake[0m[2m:[0m[1mflush[0m[2m:[0m[1mFramedWrite::flush[0m[2m:[0m [2mh2::codec::framed_write[0m[2m:[0m [2m159:[0m flushing buffer
[2m2024-06-21T23:53:59.437737Z[0m [35mTRACE[0m [1mserver_handshake[0m[2m:[0m [2mh2::server[0m[2m:[0m [2m1367:[0m [3mflush.poll[0m[2m=[0mReady
[2m2024-06-21T23:53:59.438078Z[0m [35mTRACE[0m [1mserver_handshake[0m[2m:[0m [2mh2::proto::streams::flow_control[0m[2m:[0m [2m124:[0m inc_window; sz=65535; old=0; new=65535
[2m2024-06-21T23:53:59.438327Z[0m [35mTRACE[0m [1mserver_handshake[0m[2m:[0m [2mh2::proto::streams::flow_control[0m[2m:[0m [2m124:[0m inc_window; sz=65535; old=0; new=65535
[2m2024-06-21T23:53:59.438465Z[0m [35mTRACE[0m [1mserver_handshake[0m[2m:[0m [2mh2::proto::streams::prioritize[0m[2m:[0m [2m94:[0m Prioritize::new; flow=FlowControl { window_size: Window(65535), available: Window(65535) }
[2m2024-06-21T23:53:59.438713Z[0m [35mTRACE[0m [1mserver_handshake[0m[2m:[0m [2mh2::server[0m[2m:[0m [2m1397:[0m connection established!
[2m2024-06-21T23:53:59.438887Z[0m [35mTRACE[0m [1mserver_handshake[0m[2m:[0m [2mh2::proto::streams::recv[0m[2m:[0m [2m455:[0m set_target_connection_window; target=1048576; available=65535, reserved=0
[2m2024-06-21T23:53:59.439109Z[0m [35mTRACE[0m [1mserver_handshake[0m[2m:[0m[1mConnection[0m[1m{[0m[3mpeer[0m[2m=[0mServer[1m}[0m[2m:[0m[1mpoll[0m[2m:[0m [2mh2::proto::connection[0m[2m:[0m [2m265:[0m [3mconnection.state[0m[2m=[0mOpen
[2m2024-06-21T23:53:59.439370Z[0m [35mTRACE[0m [1mserver_handshake[0m[2m:[0m[1mConnection[0m[1m{[0m[3mpeer[0m[2m=[0mServer[1m}[0m[2m:[0m[1mpoll[0m[2m:[0m[1mFramedRead::poll_next[0m[2m:[0m [2mh2::codec::framed_read[0m[2m:[0m [2m345:[0m poll
[2m2024-06-21T23:53:59.439561Z[0m [35mTRACE[0m [1mserver_handshake[0m[2m:[0m[1mConnection[0m[1m{[0m[3mpeer[0m[2m=[0mServer[1m}[0m[2m:[0m[1mpoll[0m[2m:[0m[1mFramedRead::poll_next[0m[2m:[0m [2mtokio_util::codec::framed_impl[0m[2m:[0m [2m201:[0m attempting to decode a frame
[2m2024-06-21T23:53:59.439694Z[0m [35mTRACE[0m [1mserver_handshake[0m[2m:[0m[1mConnection[0m[1m{[0m[3mpeer[0m[2m=[0mServer[1m}[0m[2m:[0m[1mpoll[0m[2m:[0m[1mFramedRead::poll_next[0m[2m:[0m [2mtokio_util::codec::framed_impl[0m[2m:[0m [2m208:[0m frame decoded from buffer
[2m2024-06-21T23:53:59.439791Z[0m [35mTRACE[0m [1mserver_handshake[0m[2m:[0m[1mConnection[0m[1m{[0m[3mpeer[0m[2m=[0mServer[1m}[0m[2m:[0m[1mpoll[0m[2m:[0m[1mFramedRead::poll_next[0m[2m:[0m [2mh2::codec::framed_read[0m[2m:[0m [2m352:[0m [3mread.bytes[0m[2m=[0m27
[2m2024-06-21T23:53:59.440057Z[0m [35mTRACE[0m [1mserver_handshake[0m[2m:[0m[1mConnection[0m[1m{[0m[3mpeer[0m[2m=[0mServer[1m}[0m[2m:[0m[1mpoll[0m[2m:[0m[1mFramedRead::poll_next[0m[2m:[0m[1mFramedRead::decode_frame[0m[1m{[0m[3moffset[0m[2m=[0m27[1m}[0m[2m:[0m [2mh2::codec::framed_read[0m[2m:[0m [2m111:[0m decoding frame from 27B
[2m2024-06-21T23:53:59.440237Z[0m [35mTRACE[0m [1mserver_handshake[0m[2m:[0m[1mConnection[0m[1m{[0m[3mpeer[0m[2m=[0mServer[1m}[0m[2m:[0m[1mpoll[0m[2m:[0m[1mFramedRead::poll_next[0m[2m:[0m[1mFramedRead::decode_frame[0m[1m{[0m[3moffset[0m[2m=[0m27[1m}[0m[2m:[0m [2mh2::codec::framed_read[0m[2m:[0m [2m123:[0m [3mframe.kind[0m[2m=[0mSettings
[2m2024-06-21T23:53:59.440684Z[0m [34mDEBUG[0m [1mserver_handshake[0m[2m:[0m[1mConnection[0m[1m{[0m[3mpeer[0m[2m=[0mServer[1m}[0m[2m:[0m[1mpoll[0m[2m:[0m[1mFramedRead::poll_next[0m[2m:[0m [2mh2::codec::framed_read[0m[2m:[0m [2m360:[0m received [3mframe[0m[2m=[0mSettings { flags: (0x0), enable_push: 0, initial_window_size: 2097152, max_frame_size: 16384 }
[2m2024-06-21T23:53:59.441589Z[0m [35mTRACE[0m [1mserver_handshake[0m[2m:[0m[1mConnection[0m[1m{[0m[3mpeer[0m[2m=[0mServer[1m}[0m[2m:[0m[1mpoll[0m[2m:[0m [2mh2::proto::connection[0m[2m:[0m [2m497:[0m recv SETTINGS [3mframe[0m[2m=[0mSettings { flags: (0x0), enable_push: 0, initial_window_size: 2097152, max_frame_size: 16384 }
[2m2024-06-21T23:53:59.442296Z[0m [34mDEBUG[0m [1mserver_handshake[0m[2m:[0m[1mConnection[0m[1m{[0m[3mpeer[0m[2m=[0mServer[1m}[0m[2m:[0m[1mpoll[0m[2m:[0m[1mpoll_ready[0m[2m:[0m[1mFramedWrite::buffer[0m[1m{[0m[3mframe[0m[2m=[0mSettings { flags: (0x1: ACK) }[1m}[0m[2m:[0m [2mh2::codec::framed_write[0m[2m:[0m [2m213:[0m send [3mframe[0m[2m=[0mSettings { flags: (0x1: ACK) }
[2m2024-06-21T23:53:59.442693Z[0m [35mTRACE[0m [1mserver_handshake[0m[2m:[0m[1mConnection[0m[1m{[0m[3mpeer[0m[2m=[0mServer[1m}[0m[2m:[0m[1mpoll[0m[2m:[0m[1mpoll_ready[0m[2m:[0m[1mFramedWrite::buffer[0m[1m{[0m[3mframe[0m[2m=[0mSettings { flags: (0x1: ACK) }[1m}[0m[2m:[0m [2mh2::frame::settings[0m[2m:[0m [2m218:[0m encoding SETTINGS; len=0
[2m2024-06-21T23:53:59.442952Z[0m [35mTRACE[0m [1mserver_handshake[0m[2m:[0m[1mConnection[0m[1m{[0m[3mpeer[0m[2m=[0mServer[1m}[0m[2m:[0m[1mpoll[0m[2m:[0m[1mpoll_ready[0m[2m:[0m[1mFramedWrite::buffer[0m[1m{[0m[3mframe[0m[2m=[0mSettings { flags: (0x1: ACK) }[1m}[0m[2m:[0m [2mh2::codec::framed_write[0m[2m:[0m [2m262:[0m encoded settings [3mrem[0m[2m=[0m9
[2m2024-06-21T23:53:59.443167Z[0m [35mTRACE[0m [1mserver_handshake[0m[2m:[0m[1mConnection[0m[1m{[0m[3mpeer[0m[2m=[0mServer[1m}[0m[2m:[0m[1mpoll[0m[2m:[0m[1mpoll_ready[0m[2m:[0m [2mh2::proto::settings[0m[2m:[0m [2m122:[0m ACK sent; applying settings
[2m2024-06-21T23:53:59.443382Z[0m [35mTRACE[0m [1mserver_handshake[0m[2m:[0m[1mConnection[0m[1m{[0m[3mpeer[0m[2m=[0mServer[1m}[0m[2m:[0m[1mpoll[0m[2m:[0m[1mFramedRead::poll_next[0m[2m:[0m [2mh2::codec::framed_read[0m[2m:[0m [2m345:[0m poll
[2m2024-06-21T23:53:59.443495Z[0m [35mTRACE[0m [1mserver_handshake[0m[2m:[0m[1mConnection[0m[1m{[0m[3mpeer[0m[2m=[0mServer[1m}[0m[2m:[0m[1mpoll[0m[2m:[0m[1mFramedRead::poll_next[0m[2m:[0m [2mtokio_util::codec::framed_impl[0m[2m:[0m [2m201:[0m attempting to decode a frame
[2m2024-06-21T23:53:59.443608Z[0m [35mTRACE[0m [1mserver_handshake[0m[2m:[0m[1mConnection[0m[1m{[0m[3mpeer[0m[2m=[0mServer[1m}[0m[2m:[0m[1mpoll[0m[2m:[0m[1mFramedRead::poll_next[0m[2m:[0m [2mtokio_util::codec::framed_impl[0m[2m:[0m [2m208:[0m frame decoded from buffer
[2m2024-06-21T23:53:59.443697Z[0m [35mTRACE[0m [1mserver_handshake[0m[2m:[0m[1mConnection[0m[1m{[0m[3mpeer[0m[2m=[0mServer[1m}[0m[2m:[0m[1mpoll[0m[2m:[0m[1mFramedRead::poll_next[0m[2m:[0m [2mh2::codec::framed_read[0m[2m:[0m [2m352:[0m [3mread.bytes[0m[2m=[0m13
[2m2024-06-21T23:53:59.443884Z[0m [35mTRACE[0m [1mserver_handshake[0m[2m:[0m[1mConnection[0m[1m{[0m[3mpeer[0m[2m=[0mServer[1m}[0m[2m:[0m[1mpoll[0m[2m:[0m[1mFramedRead::poll_next[0m[2m:[0m[1mFramedRead::decode_frame[0m[1m{[0m[3moffset[0m[2m=[0m13[1m}[0m[2m:[0m [2mh2::codec::framed_read[0m[2m:[0m [2m111:[0m decoding frame from 13B
[2m2024-06-21T23:53:59.444006Z[0m [35mTRACE[0m [1mserver_handshake[0m[2m:[0m[1mConnection[0m[1m{[0m[3mpeer[0m[2m=[0mServer[1m}[0m[2m:[0m[1mpoll[0m[2m:[0m[1mFramedRead::poll_next[0m[2m:[0m[1mFramedRead::decode_frame[0m[1m{[0m[3moffset[0m[2m=[0m13[1m}[0m[2m:[0m [2mh2::codec::framed_read[0m[2m:[0m [2m123:[0m [3mframe.kind[0m[2m=[0mWindowUpdate
[2m2024-06-21T23:53:59.444180Z[0m [34mDEBUG[0m [1mserver_handshake[0m[2m:[0m[1mConnection[0m[1m{[0m[3mpeer[0m[2m=[0mServer[1m}[0m[2m:[0m[1mpoll[0m[2m:[0m[1mFramedRead::poll_next[0m[2m:[0m [2mh2::codec::framed_read[0m[2m:[0m [2m360:[0m received [3mframe[0m[2m=[0mWindowUpdate { stream_id: StreamId(0), size_increment: 5177345 }
[2m2024-06-21T23:53:59.444835Z[0m [35mTRACE[0m [1mserver_handshake[0m[2m:[0m[1mConnection[0m[1m{[0m[3mpeer[0m[2m=[0mServer[1m}[0m[2m:[0m[1mpoll[0m[2m:[0m [2mh2::proto::connection[0m[2m:[0m [2m523:[0m recv WINDOW_UPDATE [3mframe[0m[2m=[0mWindowUpdate { stream_id: StreamId(0), size_increment: 5177345 }
[2m2024-06-21T23:53:59.445049Z[0m [35mTRACE[0m [1mserver_handshake[0m[2m:[0m[1mConnection[0m[1m{[0m[3mpeer[0m[2m=[0mServer[1m}[0m[2m:[0m[1mpoll[0m[2m:[0m [2mh2::proto::streams::flow_control[0m[2m:[0m [2m124:[0m inc_window; sz=5177345; old=65535; new=5242880
[2m2024-06-21T23:53:59.445637Z[0m [35mTRACE[0m [1mserver_handshake[0m[2m:[0m[1mConnection[0m[1m{[0m[3mpeer[0m[2m=[0mServer[1m}[0m[2m:[0m[1mpoll[0m[2m:[0m[1mFramedRead::poll_next[0m[2m:[0m [2mh2::codec::framed_read[0m[2m:[0m [2m345:[0m poll
[2m2024-06-21T23:53:59.445843Z[0m [35mTRACE[0m [1mserver_handshake[0m[2m:[0m[1mConnection[0m[1m{[0m[3mpeer[0m[2m=[0mServer[1m}[0m[2m:[0m[1mpoll[0m[2m:[0m[1mFramedRead::poll_next[0m[2m:[0m [2mtokio_util::codec::framed_impl[0m[2m:[0m [2m201:[0m attempting to decode a frame
[2m2024-06-21T23:53:59.446079Z[0m [35mTRACE[0m [1mserver_handshake[0m[2m:[0m[1mConnection[0m[1m{[0m[3mpeer[0m[2m=[0mServer[1m}[0m[2m:[0m[1mpoll[0m[2m:[0m[1mFramedRead::poll_next[0m[2m:[0m [2mtokio_util::codec::framed_impl[0m[2m:[0m [2m201:[0m attempting to decode a frame
[2m2024-06-21T23:53:59.446192Z[0m [35mTRACE[0m [1mserver_handshake[0m[2m:[0m[1mConnection[0m[1m{[0m[3mpeer[0m[2m=[0mServer[1m}[0m[2m:[0m[1mpoll[0m[2m:[0m[1mFramedRead::poll_next[0m[2m:[0m [2mtokio_util::codec::framed_impl[0m[2m:[0m [2m208:[0m frame decoded from buffer
[2m2024-06-21T23:53:59.446280Z[0m [35mTRACE[0m [1mserver_handshake[0m[2m:[0m[1mConnection[0m[1m{[0m[3mpeer[0m[2m=[0mServer[1m}[0m[2m:[0m[1mpoll[0m[2m:[0m[1mFramedRead::poll_next[0m[2m:[0m [2mh2::codec::framed_read[0m[2m:[0m [2m352:[0m [3mread.bytes[0m[2m=[0m9
[2m2024-06-21T23:53:59.446453Z[0m [35mTRACE[0m [1mserver_handshake[0m[2m:[0m[1mConnection[0m[1m{[0m[3mpeer[0m[2m=[0mServer[1m}[0m[2m:[0m[1mpoll[0m[2m:[0m[1mFramedRead::poll_next[0m[2m:[0m[1mFramedRead::decode_frame[0m[1m{[0m[3moffset[0m[2m=[0m9[1m}[0m[2m:[0m [2mh2::codec::framed_read[0m[2m:[0m [2m111:[0m decoding frame from 9B
[2m2024-06-21T23:53:59.446559Z[0m [35mTRACE[0m [1mserver_handshake[0m[2m:[0m[1mConnection[0m[1m{[0m[3mpeer[0m[2m=[0mServer[1m}[0m[2m:[0m[1mpoll[0m[2m:[0m[1mFramedRead::poll_next[0m[2m:[0m[1mFramedRead::decode_frame[0m[1m{[0m[3moffset[0m[2m=[0m9[1m}[0m[2m:[0m [2mh2::codec::framed_read[0m[2m:[0m [2m123:[0m [3mframe.kind[0m[2m=[0mSettings
[2m2024-06-21T23:53:59.446705Z[0m [34mDEBUG[0m [1mserver_handshake[0m[2m:[0m[1mConnection[0m[1m{[0m[3mpeer[0m[2m=[0mServer[1m}[0m[2m:[0m[1mpoll[0m[2m:[0m[1mFramedRead::poll_next[0m[2m:[0m [2mh2::codec::framed_read[0m[2m:[0m [2m360:[0m received [3mframe[0m[2m=[0mSettings { flags: (0x1: ACK) }
[2m2024-06-21T23:53:59.446993Z[0m [35mTRACE[0m [1mserver_handshake[0m[2m:[0m[1mConnection[0m[1m{[0m[3mpeer[0m[2m=[0mServer[1m}[0m[2m:[0m[1mpoll[0m[2m:[0m [2mh2::proto::connection[0m[2m:[0m [2m497:[0m recv SETTINGS [3mframe[0m[2m=[0mSettings { flags: (0x1: ACK) }
[2m2024-06-21T23:53:59.447134Z[0m [34mDEBUG[0m [1mserver_handshake[0m[2m:[0m[1mConnection[0m[1m{[0m[3mpeer[0m[2m=[0mServer[1m}[0m[2m:[0m[1mpoll[0m[2m:[0m [2mh2::proto::settings[0m[2m:[0m [2m53:[0m received settings ACK; applying Settings { flags: (0x0), initial_window_size: 1048576, max_frame_size: 16384, max_header_list_size: 16777216 }
[2m2024-06-21T23:53:59.447348Z[0m [35mTRACE[0m [1mserver_handshake[0m[2m:[0m[1mConnection[0m[1m{[0m[3mpeer[0m[2m=[0mServer[1m}[0m[2m:[0m[1mpoll[0m[2m:[0m [2mh2::proto::streams::recv[0m[2m:[0m [2m502:[0m update_initial_window_size; new=1048576; old=1048576
[2m2024-06-21T23:53:59.447640Z[0m [35mTRACE[0m [1mserver_handshake[0m[2m:[0m[1mConnection[0m[1m{[0m[3mpeer[0m[2m=[0mServer[1m}[0m[2m:[0m[1mpoll[0m[2m:[0m[1mFramedRead::poll_next[0m[2m:[0m [2mh2::codec::framed_read[0m[2m:[0m [2m345:[0m poll
[2m2024-06-21T23:53:59.447778Z[0m [35mTRACE[0m [1mserver_handshake[0m[2m:[0m[1mConnection[0m[1m{[0m[3mpeer[0m[2m=[0mServer[1m}[0m[2m:[0m[1mpoll[0m[2m:[0m[1mFramedRead::poll_next[0m[2m:[0m [2mtokio_util::codec::framed_impl[0m[2m:[0m [2m201:[0m attempting to decode a frame
[2m2024-06-21T23:53:59.447894Z[0m [35mTRACE[0m [1mserver_handshake[0m[2m:[0m[1mConnection[0m[1m{[0m[3mpeer[0m[2m=[0mServer[1m}[0m[2m:[0m[1mpoll[0m[2m:[0m[1mFramedRead::poll_next[0m[2m:[0m [2mtokio_util::codec::framed_impl[0m[2m:[0m [2m208:[0m frame decoded from buffer
[2m2024-06-21T23:53:59.448023Z[0m [35mTRACE[0m [1mserver_handshake[0m[2m:[0m[1mConnection[0m[1m{[0m[3mpeer[0m[2m=[0mServer[1m}[0m[2m:[0m[1mpoll[0m[2m:[0m[1mFramedRead::poll_next[0m[2m:[0m [2mh2::codec::framed_read[0m[2m:[0m [2m352:[0m [3mread.bytes[0m[2m=[0m95
[2m2024-06-21T23:53:59.448229Z[0m [35mTRACE[0m [1mserver_handshake[0m[2m:[0m[1mConnection[0m[1m{[0m[3mpeer[0m[2m=[0mServer[1m}[0m[2m:[0m[1mpoll[0m[2m:[0m[1mFramedRead::poll_next[0m[2m:[0m[1mFramedRead::decode_frame[0m[1m{[0m[3moffset[0m[2m=[0m95[1m}[0m[2m:[0m [2mh2::codec::framed_read[0m[2m:[0m [2m111:[0m decoding frame from 95B
[2m2024-06-21T23:53:59.448372Z[0m [35mTRACE[0m [1mserver_handshake[0m[2m:[0m[1mConnection[0m[1m{[0m[3mpeer[0m[2m=[0mServer[1m}[0m[2m:[0m[1mpoll[0m[2m:[0m[1mFramedRead::poll_next[0m[2m:[0m[1mFramedRead::decode_frame[0m[1m{[0m[3moffset[0m[2m=[0m95[1m}[0m[2m:[0m [2mh2::codec::framed_read[0m[2m:[0m [2m123:[0m [3mframe.kind[0m[2m=[0mHeaders
[2m2024-06-21T23:53:59.448510Z[0m [35mTRACE[0m [1mserver_handshake[0m[2m:[0m[1mConnection[0m[1m{[0m[3mpeer[0m[2m=[0mServer[1m}[0m[2m:[0m[1mpoll[0m[2m:[0m[1mFramedRead::poll_next[0m[2m:[0m[1mFramedRead::decode_frame[0m[1m{[0m[3moffset[0m[2m=[0m95[1m}[0m[2m:[0m [2mh2::frame::headers[0m[2m:[0m [2m149:[0m loading headers; flags=(0x4: END_HEADERS)
[2m2024-06-21T23:53:59.448787Z[0m [35mTRACE[0m [1mserver_handshake[0m[2m:[0m[1mConnection[0m[1m{[0m[3mpeer[0m[2m=[0mServer[1m}[0m[2m:[0m[1mpoll[0m[2m:[0m[1mFramedRead::poll_next[0m[2m:[0m[1mFramedRead::decode_frame[0m[1m{[0m[3moffset[0m[2m=[0m95[1m}[0m[2m:[0m[1mhpack::decode[0m[2m:[0m [2mh2::hpack::decoder[0m[2m:[0m [2m195:[0m decode
[2m2024-06-21T23:53:59.448946Z[0m [35mTRACE[0m [1mserver_handshake[0m[2m:[0m[1mConnection[0m[1m{[0m[3mpeer[0m[2m=[0mServer[1m}[0m[2m:[0m[1mpoll[0m[2m:[0m[1mFramedRead::poll_next[0m[2m:[0m[1mFramedRead::decode_frame[0m[1m{[0m[3moffset[0m[2m=[0m95[1m}[0m[2m:[0m[1mhpack::decode[0m[2m:[0m [2mh2::hpack::decoder[0m[2m:[0m [2m203:[0m [3mrem[0m[2m=[0m86 [3mkind[0m[2m=[0mIndexed
[2m2024-06-21T23:53:59.449108Z[0m [35mTRACE[0m [1mserver_handshake[0m[2m:[0m[1mConnection[0m[1m{[0m[3mpeer[0m[2m=[0mServer[1m}[0m[2m:[0m[1mpoll[0m[2m:[0m[1mFramedRead::poll_next[0m[2m:[0m[1mFramedRead::decode_frame[0m[1m{[0m[3moffset[0m[2m=[0m95[1m}[0m[2m:[0m[1mhpack::decode[0m[2m:[0m [2mh2::hpack::decoder[0m[2m:[0m [2m203:[0m [3mrem[0m[2m=[0m85 [3mkind[0m[2m=[0mIndexed
[2m2024-06-21T23:53:59.449255Z[0m [35mTRACE[0m [1mserver_handshake[0m[2m:[0m[1mConnection[0m[1m{[0m[3mpeer[0m[2m=[0mServer[1m}[0m[2m:[0m[1mpoll[0m[2m:[0m[1mFramedRead::poll_next[0m[2m:[0m[1mFramedRead::decode_frame[0m[1m{[0m[3moffset[0m[2m=[0m95[1m}[0m[2m:[0m[1mhpack::decode[0m[2m:[0m [2mh2::hpack::decoder[0m[2m:[0m [2m210:[0m [3mrem[0m[2m=[0m84 [3mkind[0m[2m=[0mLiteralWithIndexing
[2m2024-06-21T23:53:59.449683Z[0m [35mTRACE[0m [1mserver_handshake[0m[2m:[0m[1mConnection[0m[1m{[0m[3mpeer[0m[2m=[0mServer[1m}[0m[2m:[0m[1mpoll[0m[2m:[0m[1mFramedRead::poll_next[0m[2m:[0m[1mFramedRead::decode_frame[0m[1m{[0m[3moffset[0m[2m=[0m95[1m}[0m[2m:[0m[1mhpack::decode[0m[2m:[0m [2mh2::hpack::decoder[0m[2m:[0m [2m221:[0m [3mrem[0m[2m=[0m71 [3mkind[0m[2m=[0mLiteralWithoutIndexing
[2m2024-06-21T23:53:59.450744Z[0m [35mTRACE[0m [1mserver_handshake[0m[2m:[0m[1mConnection[0m[1m{[0m[3mpeer[0m[2m=[0mServer[1m}[0m[2m:[0m[1mpoll[0m[2m:[0m[1mFramedRead::poll_next[0m[2m:[0m[1mFramedRead::decode_frame[0m[1m{[0m[3moffset[0m[2m=[0m95[1m}[0m[2m:[0m[1mhpack::decode[0m[2m:[0m [2mh2::hpack::decoder[0m[2m:[0m [2m210:[0m [3mrem[0m[2m=[0m34 [3mkind[0m[2m=[0mLiteralWithIndexing
[2m2024-06-21T23:53:59.451316Z[0m [35mTRACE[0m [1mserver_handshake[0m[2m:[0m[1mConnection[0m[1m{[0m[3mpeer[0m[2m=[0mServer[1m}[0m[2m:[0m[1mpoll[0m[2m:[0m[1mFramedRead::poll_next[0m[2m:[0m[1mFramedRead::decode_frame[0m[1m{[0m[3moffset[0m[2m=[0m95[1m}[0m[2m:[0m[1mhpack::decode[0m[2m:[0m [2mh2::hpack::decoder[0m[2m:[0m [2m210:[0m [3mrem[0m[2m=[0m23 [3mkind[0m[2m=[0mLiteralWithIndexing
[2m2024-06-21T23:53:59.451748Z[0m [35mTRACE[0m [1mserver_handshake[0m[2m:[0m[1mConnection[0m[1m{[0m[3mpeer[0m[2m=[0mServer[1m}[0m[2m:[0m[1mpoll[0m[2m:[0m[1mFramedRead::poll_next[0m[2m:[0m[1mFramedRead::decode_frame[0m[1m{[0m[3moffset[0m[2m=[0m95[1m}[0m[2m:[0m[1mhpack::decode[0m[2m:[0m [2mh2::hpack::decoder[0m[2m:[0m [2m210:[0m [3mrem[0m[2m=[0m10 [3mkind[0m[2m=[0mLiteralWithIndexing
[2m2024-06-21T23:53:59.452179Z[0m [34mDEBUG[0m [1mserver_handshake[0m[2m:[0m[1mConnection[0m[1m{[0m[3mpeer[0m[2m=[0mServer[1m}[0m[2m:[0m[1mpoll[0m[2m:[0m[1mFramedRead::poll_next[0m[2m:[0m [2mh2::codec::framed_read[0m[2m:[0m [2m360:[0m received [3mframe[0m[2m=[0mHeaders { stream_id: StreamId(1), flags: (0x4: END_HEADERS) }
[2m2024-06-21T23:53:59.452577Z[0m [35mTRACE[0m [1mserver_handshake[0m[2m:[0m[1mConnection[0m[1m{[0m[3mpeer[0m[2m=[0mServer[1m}[0m[2m:[0m[1mpoll[0m[2m:[0m [2mh2::proto::connection[0m[2m:[0m [2m481:[0m recv HEADERS [3mframe[0m[2m=[0mHeaders { stream_id: StreamId(1), flags: (0x4: END_HEADERS) }
[2m2024-06-21T23:53:59.452732Z[0m [35mTRACE[0m [1mserver_handshake[0m[2m:[0m[1mConnection[0m[1m{[0m[3mpeer[0m[2m=[0mServer[1m}[0m[2m:[0m[1mpoll[0m[2m:[0m [2mh2::proto::streams::flow_control[0m[2m:[0m [2m124:[0m inc_window; sz=1048576; old=0; new=1048576
[2m2024-06-21T23:53:59.452821Z[0m [35mTRACE[0m [1mserver_handshake[0m[2m:[0m[1mConnection[0m[1m{[0m[3mpeer[0m[2m=[0mServer[1m}[0m[2m:[0m[1mpoll[0m[2m:[0m [2mh2::proto::streams::flow_control[0m[2m:[0m [2m124:[0m inc_window; sz=2097152; old=0; new=2097152
[2m2024-06-21T23:53:59.452961Z[0m [35mTRACE[0m [1mserver_handshake[0m[2m:[0m[1mConnection[0m[1m{[0m[3mpeer[0m[2m=[0mServer[1m}[0m[2m:[0m[1mpoll[0m[2m:[0m [2mh2::proto::streams::streams[0m[2m:[0m [2m468:[0m recv_headers; stream=StreamId(1); state=State { inner: Idle }
[2m2024-06-21T23:53:59.453066Z[0m [35mTRACE[0m [1mserver_handshake[0m[2m:[0m[1mConnection[0m[1m{[0m[3mpeer[0m[2m=[0mServer[1m}[0m[2m:[0m[1mpoll[0m[2m:[0m [2mh2::proto::streams::recv[0m[2m:[0m [2m161:[0m opening stream; init_window=1048576
[2m2024-06-21T23:53:59.453239Z[0m [35mTRACE[0m [1mserver_handshake[0m[2m:[0m[1mConnection[0m[1m{[0m[3mpeer[0m[2m=[0mServer[1m}[0m[2m:[0m[1mpoll[0m[2m:[0m [2mh2::proto::streams::store[0m[2m:[0m [2m259:[0m Queue::push_back
[2m2024-06-21T23:53:59.453361Z[0m [35mTRACE[0m [1mserver_handshake[0m[2m:[0m[1mConnection[0m[1m{[0m[3mpeer[0m[2m=[0mServer[1m}[0m[2m:[0m[1mpoll[0m[2m:[0m [2mh2::proto::streams::store[0m[2m:[0m [2m284:[0m  -> first entry
[2m2024-06-21T23:53:59.453460Z[0m [35mTRACE[0m [1mserver_handshake[0m[2m:[0m[1mConnection[0m[1m{[0m[3mpeer[0m[2m=[0mServer[1m}[0m[2m:[0m[1mpoll[0m[2m:[0m [2mh2::proto::streams::counts[0m[2m:[0m [2m211:[0m transition_after; stream=StreamId(1); state=State { inner: Open { local: AwaitingHeaders, remote: Streaming } }; is_closed=false; pending_send_empty=true; buffered_send_data=0; num_recv=1; num_send=0
[2m2024-06-21T23:53:59.453767Z[0m [35mTRACE[0m [1mserver_handshake[0m[2m:[0m[1mConnection[0m[1m{[0m[3mpeer[0m[2m=[0mServer[1m}[0m[2m:[0m[1mpoll[0m[2m:[0m[1mFramedRead::poll_next[0m[2m:[0m [2mh2::codec::framed_read[0m[2m:[0m [2m345:[0m poll
[2m2024-06-21T23:53:59.453906Z[0m [35mTRACE[0m [1mserver_handshake[0m[2m:[0m[1mConnection[0m[1m{[0m[3mpeer[0m[2m=[0mServer[1m}[0m[2m:[0m[1mpoll[0m[2m:[0m[1mFramedRead::poll_next[0m[2m:[0m [2mtokio_util::codec::framed_impl[0m[2m:[0m [2m201:[0m attempting to decode a frame
[2m2024-06-21T23:53:59.454060Z[0m [35mTRACE[0m [1mserver_handshake[0m[2m:[0m[1mConnection[0m[1m{[0m[3mpeer[0m[2m=[0mServer[1m}[0m[2m:[0m[1mpoll[0m[2m:[0m[1mFramedRead::poll_next[0m[2m:[0m [2mtokio_util::codec::framed_impl[0m[2m:[0m [2m208:[0m frame decoded from buffer
[2m2024-06-21T23:53:59.454157Z[0m [35mTRACE[0m [1mserver_handshake[0m[2m:[0m[1mConnection[0m[1m{[0m[3mpeer[0m[2m=[0mServer[1m}[0m[2m:[0m[1mpoll[0m[2m:[0m[1mFramedRead::poll_next[0m[2m:[0m [2mh2::codec::framed_read[0m[2m:[0m [2m352:[0m [3mread.bytes[0m[2m=[0m32
[2m2024-06-21T23:53:59.454344Z[0m [35mTRACE[0m [1mserver_handshake[0m[2m:[0m[1mConnection[0m[1m{[0m[3mpeer[0m[2m=[0mServer[1m}[0m[2m:[0m[1mpoll[0m[2m:[0m[1mFramedRead::poll_next[0m[2m:[0m[1mFramedRead::decode_frame[0m[1m{[0m[3moffset[0m[2m=[0m32[1m}[0m[2m:[0m [2mh2::codec::framed_read[0m[2m:[0m [2m111:[0m decoding frame from 32B
[2m2024-06-21T23:53:59.454451Z[0m [35mTRACE[0m [1mserver_handshake[0m[2m:[0m[1mConnection[0m[1m{[0m[3mpeer[0m[2m=[0mServer[1m}[0m[2m:[0m[1mpoll[0m[2m:[0m[1mFramedRead::poll_next[0m[2m:[0m[1mFramedRead::decode_frame[0m[1m{[0m[3moffset[0m[2m=[0m32[1m}[0m[2m:[0m [2mh2::codec::framed_read[0m[2m:[0m [2m123:[0m [3mframe.kind[0m[2m=[0mData
[2m2024-06-21T23:53:59.454607Z[0m [34mDEBUG[0m [1mserver_handshake[0m[2m:[0m[1mConnection[0m[1m{[0m[3mpeer[0m[2m=[0mServer[1m}[0m[2m:[0m[1mpoll[0m[2m:[0m[1mFramedRead::poll_next[0m[2m:[0m [2mh2::codec::framed_read[0m[2m:[0m [2m360:[0m received [3mframe[0m[2m=[0mData { stream_id: StreamId(1) }
[2m2024-06-21T23:53:59.454928Z[0m [35mTRACE[0m [1mserver_handshake[0m[2m:[0m[1mConnection[0m[1m{[0m[3mpeer[0m[2m=[0mServer[1m}[0m[2m:[0m[1mpoll[0m[2m:[0m [2mh2::proto::connection[0m[2m:[0m [2m485:[0m recv DATA [3mframe[0m[2m=[0mData { stream_id: StreamId(1) }
[2m2024-06-21T23:53:59.455098Z[0m [35mTRACE[0m [1mserver_handshake[0m[2m:[0m[1mConnection[0m[1m{[0m[3mpeer[0m[2m=[0mServer[1m}[0m[2m:[0m[1mpoll[0m[2m:[0m [2mh2::proto::streams::recv[0m[2m:[0m [2m588:[0m recv_data; size=23; connection=65535; stream=1048576
[2m2024-06-21T23:53:59.455195Z[0m [35mTRACE[0m [1mserver_handshake[0m[2m:[0m[1mConnection[0m[1m{[0m[3mpeer[0m[2m=[0mServer[1m}[0m[2m:[0m[1mpoll[0m[2m:[0m [2mh2::proto::streams::flow_control[0m[2m:[0m [2m171:[0m send_data; sz=23; window=65535; available=1048576
[2m2024-06-21T23:53:59.455289Z[0m [35mTRACE[0m [1mserver_handshake[0m[2m:[0m[1mConnection[0m[1m{[0m[3mpeer[0m[2m=[0mServer[1m}[0m[2m:[0m[1mpoll[0m[2m:[0m [2mh2::proto::streams::flow_control[0m[2m:[0m [2m171:[0m send_data; sz=23; window=1048576; available=1048576
[2m2024-06-21T23:53:59.455384Z[0m [35mTRACE[0m [1mserver_handshake[0m[2m:[0m[1mConnection[0m[1m{[0m[3mpeer[0m[2m=[0mServer[1m}[0m[2m:[0m[1mpoll[0m[2m:[0m [2mh2::proto::streams::counts[0m[2m:[0m [2m211:[0m transition_after; stream=StreamId(1); state=State { inner: Open { local: AwaitingHeaders, remote: Streaming } }; is_closed=false; pending_send_empty=true; buffered_send_data=0; num_recv=1; num_send=0
[2m2024-06-21T23:53:59.455925Z[0m [35mTRACE[0m [1mserver_handshake[0m[2m:[0m[1mConnection[0m[1m{[0m[3mpeer[0m[2m=[0mServer[1m}[0m[2m:[0m[1mpoll[0m[2m:[0m[1mFramedRead::poll_next[0m[2m:[0m [2mh2::codec::framed_read[0m[2m:[0m [2m345:[0m poll
[2m2024-06-21T23:53:59.456120Z[0m [35mTRACE[0m [1mserver_handshake[0m[2m:[0m[1mConnection[0m[1m{[0m[3mpeer[0m[2m=[0mServer[1m}[0m[2m:[0m[1mpoll[0m[2m:[0m[1mFramedRead::poll_next[0m[2m:[0m [2mtokio_util::codec::framed_impl[0m[2m:[0m [2m201:[0m attempting to decode a frame
[2m2024-06-21T23:53:59.456246Z[0m [35mTRACE[0m [1mserver_handshake[0m[2m:[0m[1mConnection[0m[1m{[0m[3mpeer[0m[2m=[0mServer[1m}[0m[2m:[0m[1mpoll[0m[2m:[0m[1mFramedRead::poll_next[0m[2m:[0m [2mtokio_util::codec::framed_impl[0m[2m:[0m [2m208:[0m frame decoded from buffer
[2m2024-06-21T23:53:59.456376Z[0m [35mTRACE[0m [1mserver_handshake[0m[2m:[0m[1mConnection[0m[1m{[0m[3mpeer[0m[2m=[0mServer[1m}[0m[2m:[0m[1mpoll[0m[2m:[0m[1mFramedRead::poll_next[0m[2m:[0m [2mh2::codec::framed_read[0m[2m:[0m [2m352:[0m [3mread.bytes[0m[2m=[0m9
[2m2024-06-21T23:53:59.456571Z[0m [35mTRACE[0m [1mserver_handshake[0m[2m:[0m[1mConnection[0m[1m{[0m[3mpeer[0m[2m=[0mServer[1m}[0m[2m:[0m[1mpoll[0m[2m:[0m[1mFramedRead::poll_next[0m[2m:[0m[1mFramedRead::decode_frame[0m[1m{[0m[3moffset[0m[2m=[0m9[1m}[0m[2m:[0m [2mh2::codec::framed_read[0m[2m:[0m [2m111:[0m decoding frame from 9B
[2m2024-06-21T23:53:59.456698Z[0m [35mTRACE[0m [1mserver_handshake[0m[2m:[0m[1mConnection[0m[1m{[0m[3mpeer[0m[2m=[0mServer[1m}[0m[2m:[0m[1mpoll[0m[2m:[0m[1mFramedRead::poll_next[0m[2m:[0m[1mFramedRead::decode_frame[0m[1m{[0m[3moffset[0m[2m=[0m9[1m}[0m[2m:[0m [2mh2::codec::framed_read[0m[2m:[0m [2m123:[0m [3mframe.kind[0m[2m=[0mData
[2m2024-06-21T23:53:59.456872Z[0m [34mDEBUG[0m [1mserver_handshake[0m[2m:[0m[1mConnection[0m[1m{[0m[3mpeer[0m[2m=[0mServer[1m}[0m[2m:[0m[1mpoll[0m[2m:[0m[1mFramedRead::poll_next[0m[2m:[0m [2mh2::codec::framed_read[0m[2m:[0m [2m360:[0m received [3mframe[0m[2m=[0mData { stream_id: StreamId(1), flags: (0x1: END_STREAM) }
[2m2024-06-21T23:53:59.457148Z[0m [35mTRACE[0m [1mserver_handshake[0m[2m:[0m[1mConnection[0m[1m{[0m[3mpeer[0m[2m=[0mServer[1m}[0m[2m:[0m[1mpoll[0m[2m:[0m [2mh2::proto::connection[0m[2m:[0m [2m485:[0m recv DATA [3mframe[0m[2m=[0mData { stream_id: StreamId(1), flags: (0x1: END_STREAM) }
[2m2024-06-21T23:53:59.457307Z[0m [35mTRACE[0m [1mserver_handshake[0m[2m:[0m[1mConnection[0m[1m{[0m[3mpeer[0m[2m=[0mServer[1m}[0m[2m:[0m[1mpoll[0m[2m:[0m [2mh2::proto::streams::recv[0m[2m:[0m [2m588:[0m recv_data; size=0; connection=65512; stream=1048553
[2m2024-06-21T23:53:59.457398Z[0m [35mTRACE[0m [1mserver_handshake[0m[2m:[0m[1mConnection[0m[1m{[0m[3mpeer[0m[2m=[0mServer[1m}[0m[2m:[0m[1mpoll[0m[2m:[0m [2mh2::proto::streams::flow_control[0m[2m:[0m [2m171:[0m send_data; sz=0; window=65512; available=1048553
[2m2024-06-21T23:53:59.457507Z[0m [35mTRACE[0m [1mserver_handshake[0m[2m:[0m[1mConnection[0m[1m{[0m[3mpeer[0m[2m=[0mServer[1m}[0m[2m:[0m[1mpoll[0m[2m:[0m [2mh2::proto::streams::state[0m[2m:[0m [2m236:[0m recv_close: Open => HalfClosedRemote(AwaitingHeaders)
[2m2024-06-21T23:53:59.457591Z[0m [35mTRACE[0m [1mserver_handshake[0m[2m:[0m[1mConnection[0m[1m{[0m[3mpeer[0m[2m=[0mServer[1m}[0m[2m:[0m[1mpoll[0m[2m:[0m [2mh2::proto::streams::flow_control[0m[2m:[0m [2m171:[0m send_data; sz=0; window=1048553; available=1048553
[2m2024-06-21T23:53:59.457679Z[0m [35mTRACE[0m [1mserver_handshake[0m[2m:[0m[1mConnection[0m[1m{[0m[3mpeer[0m[2m=[0mServer[1m}[0m[2m:[0m[1mpoll[0m[2m:[0m [2mh2::proto::streams::counts[0m[2m:[0m [2m211:[0m transition_after; stream=StreamId(1); state=State { inner: HalfClosedRemote(AwaitingHeaders) }; is_closed=false; pending_send_empty=true; buffered_send_data=0; num_recv=1; num_send=0
[2m2024-06-21T23:53:59.457959Z[0m [35mTRACE[0m [1mserver_handshake[0m[2m:[0m[1mConnection[0m[1m{[0m[3mpeer[0m[2m=[0mServer[1m}[0m[2m:[0m[1mpoll[0m[2m:[0m[1mFramedRead::poll_next[0m[2m:[0m [2mh2::codec::framed_read[0m[2m:[0m [2m345:[0m poll
[2m2024-06-21T23:53:59.458075Z[0m [35mTRACE[0m [1mserver_handshake[0m[2m:[0m[1mConnection[0m[1m{[0m[3mpeer[0m[2m=[0mServer[1m}[0m[2m:[0m[1mpoll[0m[2m:[0m[1mFramedRead::poll_next[0m[2m:[0m [2mtokio_util::codec::framed_impl[0m[2m:[0m [2m201:[0m attempting to decode a frame
[2m2024-06-21T23:53:59.458367Z[0m [34mDEBUG[0m [1mserver_handshake[0m[2m:[0m[1mConnection[0m[1m{[0m[3mpeer[0m[2m=[0mServer[1m}[0m[2m:[0m[1mpoll[0m[2m:[0m[1mFramedWrite::buffer[0m[1m{[0m[3mframe[0m[2m=[0mWindowUpdate { stream_id: StreamId(0), size_increment: 983041 }[1m}[0m[2m:[0m [2mh2::codec::framed_write[0m[2m:[0m [2m213:[0m send [3mframe[0m[2m=[0mWindowUpdate { stream_id: StreamId(0), size_increment: 983041 }
[2m2024-06-21T23:53:59.458605Z[0m [35mTRACE[0m [1mserver_handshake[0m[2m:[0m[1mConnection[0m[1m{[0m[3mpeer[0m[2m=[0mServer[1m}[0m[2m:[0m[1mpoll[0m[2m:[0m[1mFramedWrite::buffer[0m[1m{[0m[3mframe[0m[2m=[0mWindowUpdate { stream_id: StreamId(0), size_increment: 983041 }[1m}[0m[2m:[0m [2mh2::frame::window_update[0m[2m:[0m [2m51:[0m encoding WINDOW_UPDATE; id=StreamId(0)
[2m2024-06-21T23:53:59.458919Z[0m [35mTRACE[0m [1mserver_handshake[0m[2m:[0m[1mConnection[0m[1m{[0m[3mpeer[0m[2m=[0mServer[1m}[0m[2m:[0m[1mpoll[0m[2m:[0m[1mFramedWrite::buffer[0m[1m{[0m[3mframe[0m[2m=[0mWindowUpdate { stream_id: StreamId(0), size_increment: 983041 }[1m}[0m[2m:[0m [2mh2::codec::framed_write[0m[2m:[0m [2m274:[0m encoded window_update [3mrem[0m[2m=[0m22
[2m2024-06-21T23:53:59.459215Z[0m [35mTRACE[0m [1mserver_handshake[0m[2m:[0m[1mConnection[0m[1m{[0m[3mpeer[0m[2m=[0mServer[1m}[0m[2m:[0m[1mpoll[0m[2m:[0m [2mh2::proto::streams::flow_control[0m[2m:[0m [2m124:[0m inc_window; sz=983041; old=65512; new=1048553
[2m2024-06-21T23:53:59.459428Z[0m [35mTRACE[0m [1mserver_handshake[0m[2m:[0m[1mConnection[0m[1m{[0m[3mpeer[0m[2m=[0mServer[1m}[0m[2m:[0m[1mpoll[0m[2m:[0m [2mh2::proto::streams::prioritize[0m[2m:[0m [2m528:[0m poll_complete
[2m2024-06-21T23:53:59.459530Z[0m [35mTRACE[0m [1mserver_handshake[0m[2m:[0m[1mConnection[0m[1m{[0m[3mpeer[0m[2m=[0mServer[1m}[0m[2m:[0m[1mpoll[0m[2m:[0m [2mh2::proto::streams::prioritize[0m[2m:[0m [2m893:[0m schedule_pending_open
[2m2024-06-21T23:53:59.459720Z[0m [35mTRACE[0m [1mserver_handshake[0m[2m:[0m[1mConnection[0m[1m{[0m[3mpeer[0m[2m=[0mServer[1m}[0m[2m:[0m[1mpoll[0m[2m:[0m[1mFramedWrite::flush[0m[2m:[0m [2mh2::codec::framed_write[0m[2m:[0m [2m143:[0m [3mqueued_data_frame[0m[2m=[0mfalse
[2m2024-06-21T23:53:59.459990Z[0m [35mTRACE[0m [1mserver_handshake[0m[2m:[0m[1mConnection[0m[1m{[0m[3mpeer[0m[2m=[0mServer[1m}[0m[2m:[0m[1mpoll[0m[2m:[0m[1mFramedWrite::flush[0m[2m:[0m [2mh2::codec::framed_write[0m[2m:[0m [2m159:[0m flushing buffer
[2m2024-06-21T23:53:59.460351Z[0m [35mTRACE[0m [2mh2::proto::streams::streams[0m[2m:[0m [2m135:[0m next_incoming; id=StreamId(1), state=State { inner: HalfClosedRemote(AwaitingHeaders) }
[2m2024-06-21T23:53:59.460463Z[0m [35mTRACE[0m [2mh2::server[0m[2m:[0m [2m433:[0m received incoming
[2m2024-06-21T23:53:59.460529Z[0m [35mTRACE[0m [2mhyper::proto::h2::server[0m[2m:[0m [2m288:[0m incoming request
[2m2024-06-21T23:53:59.461039Z[0m [35mTRACE[0m [1mserver_handshake[0m[2m:[0m[1mConnection[0m[1m{[0m[3mpeer[0m[2m=[0mServer[1m}[0m[2m:[0m[1mpoll[0m[2m:[0m [2mh2::proto::connection[0m[2m:[0m [2m265:[0m [3mconnection.state[0m[2m=[0mOpen
[2m2024-06-21T23:53:59.461433Z[0m [35mTRACE[0m [1mserver_handshake[0m[2m:[0m[1mConnection[0m[1m{[0m[3mpeer[0m[2m=[0mServer[1m}[0m[2m:[0m[1mpoll[0m[2m:[0m[1mFramedRead::poll_next[0m[2m:[0m [2mh2::codec::framed_read[0m[2m:[0m [2m345:[0m poll
[2m2024-06-21T23:53:59.461735Z[0m [35mTRACE[0m [1mserver_handshake[0m[2m:[0m[1mConnection[0m[1m{[0m[3mpeer[0m[2m=[0mServer[1m}[0m[2m:[0m[1mpoll[0m[2m:[0m [2mh2::proto::streams::prioritize[0m[2m:[0m [2m528:[0m poll_complete
[2m2024-06-21T23:53:59.461843Z[0m [35mTRACE[0m [1mserver_handshake[0m[2m:[0m[1mConnection[0m[1m{[0m[3mpeer[0m[2m=[0mServer[1m}[0m[2m:[0m[1mpoll[0m[2m:[0m [2mh2::proto::streams::prioritize[0m[2m:[0m [2m893:[0m schedule_pending_open
[2m2024-06-21T23:53:59.462076Z[0m [35mTRACE[0m [1mserver_handshake[0m[2m:[0m[1mConnection[0m[1m{[0m[3mpeer[0m[2m=[0mServer[1m}[0m[2m:[0m[1mpoll[0m[2m:[0m[1mFramedWrite::flush[0m[2m:[0m [2mh2::codec::framed_write[0m[2m:[0m [2m159:[0m flushing buffer
[2m2024-06-21T23:53:59.462578Z[0m [35mTRACE[0m [2mh2::proto::streams::recv[0m[2m:[0m [2m390:[0m release_capacity; size=23
[2m2024-06-21T23:53:59.462875Z[0m [35mTRACE[0m [2mh2::proto::streams::recv[0m[2m:[0m [2m362:[0m release_connection_capacity; size=23, connection in_flight_data=23
[2m2024-06-21T23:53:59.463279Z[0m [35mTRACE[0m [2mh2::proto::streams::recv[0m[2m:[0m [2m390:[0m release_capacity; size=0
[2m2024-06-21T23:53:59.463432Z[0m [35mTRACE[0m [2mh2::proto::streams::recv[0m[2m:[0m [2m362:[0m release_connection_capacity; size=0, connection in_flight_data=0
[2m2024-06-21T23:53:59.463567Z[0m [35mTRACE[0m [2mh2::proto::streams::streams[0m[2m:[0m [2m1442:[0m drop_stream_ref; stream=Stream { id: StreamId(1), state: State { inner: HalfClosedRemote(AwaitingHeaders) }, is_counted: true, ref_count: 2, next_pending_send: None, is_pending_send: false, send_flow: FlowControl { window_size: Window(2097152), available: Window(0) }, requested_send_capacity: 0, buffered_send_data: 0, send_task: None, pending_send: Deque { indices: None }, next_pending_send_capacity: None, is_pending_send_capacity: false, send_capacity_inc: false, next_open: None, is_pending_open: false, is_pending_push: false, next_pending_accept: None, is_pending_accept: false, recv_flow: FlowControl { window_size: Window(1048553), available: Window(1048576) }, in_flight_recv_data: 0, next_window_update: None, is_pending_window_update: false, reset_at: None, next_reset_expire: None, pending_recv: Deque { indices: None }, is_recv: false, recv_task: None, pending_push_promises: Queue { indices: None, _p: PhantomData<h2::proto::streams::stream::NextAccept> }, content_length: Omitted }
[2m2024-06-21T23:53:59.463707Z[0m [35mTRACE[0m [2mh2::proto::streams::counts[0m[2m:[0m [2m211:[0m transition_after; stream=StreamId(1); state=State { inner: HalfClosedRemote(AwaitingHeaders) }; is_closed=false; pending_send_empty=true; buffered_send_data=0; num_recv=1; num_send=0
[2m2024-06-21T23:53:59.463838Z[0m [34mDEBUG[0m [2mlib::rpc_types::server[0m[2m:[0m [2m634:[0m Got request Request { metadata: MetadataMap { headers: {"te": "trailers", "content-type": "application/grpc", "user-agent": "tonic/0.11.0"} }, message: CollectRecipeInstOrderRequest { expressions: [FetchData { column: "recipe_id", operation: Equal, values: "1" }] }, extensions: Extensions }
[2m2024-06-21T23:53:59.464107Z[0m [34mDEBUG[0m [2mlib::rpc_types::service_types[0m[2m:[0m [2m176:[0m Got simple expr: Binary(Column(Column(SeaRc(recipe_id))), Equal, Value(String(Some("1"))))
[2m2024-06-21T23:53:59.464285Z[0m [34mDEBUG[0m [2mlib::db::executor[0m[2m:[0m [2m23:[0m Adding expres to query: Binary(Column(Column(SeaRc(recipe_id))), Equal, Value(String(Some("1"))))
[2m2024-06-21T23:53:59.464581Z[0m [32m INFO[0m [2mlib::db::postgres::conn[0m[2m:[0m [2m63:[0m Received update call query: SELECT * FROM "InstructionToRecipe" WHERE "recipe_id" = '1'
[2m2024-06-21T23:53:59.464739Z[0m [34mDEBUG[0m [2mtokio_postgres::prepare[0m[2m:[0m [2m116:[0m preparing query s0: SELECT * FROM "InstructionToRecipe" WHERE "recipe_id" = '1'    
[2m2024-06-21T23:53:59.465068Z[0m [35mTRACE[0m [2mtokio_postgres::connection[0m[2m:[0m [2m106:[0m poll_read: waiting on response    
[2m2024-06-21T23:53:59.465161Z[0m [35mTRACE[0m [2mtokio_postgres::connection[0m[2m:[0m [2m184:[0m polled new request    
[2m2024-06-21T23:53:59.465224Z[0m [35mTRACE[0m [2mtokio_postgres::connection[0m[2m:[0m [2m228:[0m poll_write: waiting on request    
[2m2024-06-21T23:53:59.465279Z[0m [35mTRACE[0m [2mtokio_util::codec::framed_impl[0m[2m:[0m [2m280:[0m flushing framed transport
[2m2024-06-21T23:53:59.465367Z[0m [35mTRACE[0m [2mtokio_util::codec::framed_impl[0m[2m:[0m [2m285:[0m writing; [3mremaining[0m[2m=[0m84
[2m2024-06-21T23:53:59.466651Z[0m [35mTRACE[0m [2mtokio_util::codec::framed_impl[0m[2m:[0m [2m302:[0m framed transport flushed
[2m2024-06-21T23:53:59.466862Z[0m [35mTRACE[0m [2mtokio_postgres::connection[0m[2m:[0m [2m270:[0m poll_flush: flushed    
[2m2024-06-21T23:53:59.467049Z[0m [35mTRACE[0m [2mtokio_util::codec::framed_impl[0m[2m:[0m [2m201:[0m attempting to decode a frame
[2m2024-06-21T23:53:59.467126Z[0m [35mTRACE[0m [2mtokio_util::codec::framed_impl[0m[2m:[0m [2m208:[0m frame decoded from buffer
[2m2024-06-21T23:53:59.467212Z[0m [35mTRACE[0m [2mtokio_util::codec::framed_impl[0m[2m:[0m [2m201:[0m attempting to decode a frame
[2m2024-06-21T23:53:59.467278Z[0m [35mTRACE[0m [2mtokio_postgres::connection[0m[2m:[0m [2m106:[0m poll_read: waiting on response    
[2m2024-06-21T23:53:59.467345Z[0m [35mTRACE[0m [2mtokio_postgres::connection[0m[2m:[0m [2m228:[0m poll_write: waiting on request    
[2m2024-06-21T23:53:59.467396Z[0m [35mTRACE[0m [2mtokio_util::codec::framed_impl[0m[2m:[0m [2m280:[0m flushing framed transport
[2m2024-06-21T23:53:59.467441Z[0m [35mTRACE[0m [2mtokio_util::codec::framed_impl[0m[2m:[0m [2m302:[0m framed transport flushed
[2m2024-06-21T23:53:59.467488Z[0m [35mTRACE[0m [2mtokio_postgres::connection[0m[2m:[0m [2m270:[0m poll_flush: flushed    
[2m2024-06-21T23:53:59.467754Z[0m [34mDEBUG[0m [2mtokio_postgres::query[0m[2m:[0m [2m42:[0m executing statement s0 with parameters: []    
[2m2024-06-21T23:53:59.468134Z[0m [35mTRACE[0m [2mtokio_postgres::connection[0m[2m:[0m [2m106:[0m poll_read: waiting on response    
[2m2024-06-21T23:53:59.468248Z[0m [35mTRACE[0m [2mtokio_postgres::connection[0m[2m:[0m [2m184:[0m polled new request    
[2m2024-06-21T23:53:59.468311Z[0m [35mTRACE[0m [2mtokio_postgres::connection[0m[2m:[0m [2m228:[0m poll_write: waiting on request    
[2m2024-06-21T23:53:59.468366Z[0m [35mTRACE[0m [2mtokio_util::codec::framed_impl[0m[2m:[0m [2m280:[0m flushing framed transport
[2m2024-06-21T23:53:59.468414Z[0m [35mTRACE[0m [2mtokio_util::codec::framed_impl[0m[2m:[0m [2m285:[0m writing; [3mremaining[0m[2m=[0m32
[2m2024-06-21T23:53:59.468594Z[0m [35mTRACE[0m [2mtokio_util::codec::framed_impl[0m[2m:[0m [2m302:[0m framed transport flushed
[2m2024-06-21T23:53:59.468664Z[0m [35mTRACE[0m [2mtokio_postgres::connection[0m[2m:[0m [2m270:[0m poll_flush: flushed    
[2m2024-06-21T23:53:59.470297Z[0m [35mTRACE[0m [2mtokio_util::codec::framed_impl[0m[2m:[0m [2m201:[0m attempting to decode a frame
[2m2024-06-21T23:53:59.470500Z[0m [35mTRACE[0m [2mtokio_util::codec::framed_impl[0m[2m:[0m [2m208:[0m frame decoded from buffer
[2m2024-06-21T23:53:59.470583Z[0m [35mTRACE[0m [2mtokio_util::codec::framed_impl[0m[2m:[0m [2m201:[0m attempting to decode a frame
[2m2024-06-21T23:53:59.470655Z[0m [35mTRACE[0m [2mtokio_postgres::connection[0m[2m:[0m [2m106:[0m poll_read: waiting on response    
[2m2024-06-21T23:53:59.470721Z[0m [35mTRACE[0m [2mtokio_postgres::connection[0m[2m:[0m [2m228:[0m poll_write: waiting on request    
[2m2024-06-21T23:53:59.470767Z[0m [35mTRACE[0m [2mtokio_util::codec::framed_impl[0m[2m:[0m [2m280:[0m flushing framed transport
[2m2024-06-21T23:53:59.470813Z[0m [35mTRACE[0m [2mtokio_util::codec::framed_impl[0m[2m:[0m [2m302:[0m framed transport flushed
[2m2024-06-21T23:53:59.470907Z[0m [35mTRACE[0m [2mtokio_postgres::connection[0m[2m:[0m [2m270:[0m poll_flush: flushed    
[2m2024-06-21T23:53:59.471229Z[0m [34mDEBUG[0m [2mlib::db::postgres::conn[0m[2m:[0m [2m69:[0m Result from inserting into db [Row { columns: [Column { name: "id", type: Int4 }, Column { name: "recipe_id", type: Int4 }, Column { name: "instruction_id", type: Int4 }, Column { name: "instruction_order", type: Int4 }] }, Row { columns: [Column { name: "id", type: Int4 }, Column { name: "recipe_id", type: Int4 }, Column { name: "instruction_id", type: Int4 }, Column { name: "instruction_order", type: Int4 }] }]
[2m2024-06-21T23:53:59.472312Z[0m [32m INFO[0m [2mlib::rpc_types::server[0m[2m:[0m [2m651:[0m Successfully collected Instructions to Recipe
[2m2024-06-21T23:53:59.472934Z[0m [34mDEBUG[0m [2mlib::rpc_types::server[0m[2m:[0m [2m652:[0m Collected data [InstructionToRecipeMetadata { id: Some(1), recipe_id: 1, instruction_id: 2, instruction_order: 1 }, InstructionToRecipeMetadata { id: Some(2), recipe_id: 1, instruction_id: 1, instruction_order: 2 }]
[2m2024-06-21T23:53:59.473631Z[0m [35mTRACE[0m [2mh2::proto::streams::send[0m[2m:[0m [2m133:[0m send_headers; frame=Headers { stream_id: StreamId(1), flags: (0x4: END_HEADERS) }; init_window=2097152
[2m2024-06-21T23:53:59.474052Z[0m [35mTRACE[0m [1mPrioritize::queue_frame[0m[1m{[0m[3mstream.id[0m[2m=[0mStreamId(1)[1m}[0m[2m:[0m [2mh2::proto::streams::prioritize[0m[2m:[0m [2m129:[0m schedule_send [3mstream.id[0m[2m=[0mStreamId(1)
[2m2024-06-21T23:53:59.474167Z[0m [35mTRACE[0m [1mPrioritize::queue_frame[0m[1m{[0m[3mstream.id[0m[2m=[0mStreamId(1)[1m}[0m[2m:[0m [2mh2::proto::streams::store[0m[2m:[0m [2m259:[0m Queue::push_back
[2m2024-06-21T23:53:59.474239Z[0m [35mTRACE[0m [1mPrioritize::queue_frame[0m[1m{[0m[3mstream.id[0m[2m=[0mStreamId(1)[1m}[0m[2m:[0m [2mh2::proto::streams::store[0m[2m:[0m [2m284:[0m  -> first entry
[2m2024-06-21T23:53:59.474487Z[0m [35mTRACE[0m [2mtokio_postgres::connection[0m[2m:[0m [2m106:[0m poll_read: waiting on response    
[2m2024-06-21T23:53:59.474571Z[0m [35mTRACE[0m [2mtokio_postgres::connection[0m[2m:[0m [2m184:[0m polled new request    
[2m2024-06-21T23:53:59.474641Z[0m [35mTRACE[0m [2mtokio_postgres::connection[0m[2m:[0m [2m228:[0m poll_write: waiting on request    
[2m2024-06-21T23:53:59.474693Z[0m [35mTRACE[0m [2mtokio_util::codec::framed_impl[0m[2m:[0m [2m280:[0m flushing framed transport
[2m2024-06-21T23:53:59.474739Z[0m [35mTRACE[0m [2mtokio_util::codec::framed_impl[0m[2m:[0m [2m285:[0m writing; [3mremaining[0m[2m=[0m14
[2m2024-06-21T23:53:59.474947Z[0m [35mTRACE[0m [2mtokio_util::codec::framed_impl[0m[2m:[0m [2m302:[0m framed transport flushed
[2m2024-06-21T23:53:59.474991Z[0m [35mTRACE[0m [2mh2::proto::streams::counts[0m[2m:[0m [2m211:[0m transition_after; stream=StreamId(1); state=State { inner: HalfClosedRemote(Streaming) }; is_closed=false; pending_send_empty=false; buffered_send_data=0; num_recv=1; num_send=0
[2m2024-06-21T23:53:59.475036Z[0m [35mTRACE[0m [2mtokio_postgres::connection[0m[2m:[0m [2m270:[0m poll_flush: flushed    
[2m2024-06-21T23:53:59.475321Z[0m [35mTRACE[0m [1mreserve_capacity[0m[1m{[0m[3mstream.id[0m[2m=[0mStreamId(1) [3mrequested[0m[2m=[0m1 [3meffective[0m[2m=[0m1 [3mcurr[0m[2m=[0m0[1m}[0m[2m:[0m[1mtry_assign_capacity[0m[1m{[0m[3mstream.id[0m[2m=[0mStreamId(1)[1m}[0m[2m:[0m [2mh2::proto::streams::prioritize[0m[2m:[0m [2m427:[0m [3mrequested[0m[2m=[0m1 [3madditional[0m[2m=[0m1 [3mbuffered[0m[2m=[0m0 [3mwindow[0m[2m=[0m2097152 [3mconn[0m[2m=[0m5242880
[2m2024-06-21T23:53:59.475419Z[0m [35mTRACE[0m [2mtokio_util::codec::framed_impl[0m[2m:[0m [2m201:[0m attempting to decode a frame
[2m2024-06-21T23:53:59.475489Z[0m [35mTRACE[0m [1mreserve_capacity[0m[1m{[0m[3mstream.id[0m[2m=[0mStreamId(1) [3mrequested[0m[2m=[0m1 [3meffective[0m[2m=[0m1 [3mcurr[0m[2m=[0m0[1m}[0m[2m:[0m[1mtry_assign_capacity[0m[1m{[0m[3mstream.id[0m[2m=[0mStreamId(1)[1m}[0m[2m:[0m [2mh2::proto::streams::prioritize[0m[2m:[0m [2m458:[0m assigning [3mcapacity[0m[2m=[0m1
[2m2024-06-21T23:53:59.475603Z[0m [35mTRACE[0m [2mtokio_util::codec::framed_impl[0m[2m:[0m [2m208:[0m frame decoded from buffer
[2m2024-06-21T23:53:59.475597Z[0m [35mTRACE[0m [1mreserve_capacity[0m[1m{[0m[3mstream.id[0m[2m=[0mStreamId(1) [3mrequested[0m[2m=[0m1 [3meffective[0m[2m=[0m1 [3mcurr[0m[2m=[0m0[1m}[0m[2m:[0m[1mtry_assign_capacity[0m[1m{[0m[3mstream.id[0m[2m=[0mStreamId(1)[1m}[0m[2m:[0m [2mh2::proto::streams::stream[0m[2m:[0m [2m284:[0m   assigned capacity to stream; available=1; buffered=0; id=StreamId(1); max_buffer_size=409600 prev=0
[2m2024-06-21T23:53:59.475716Z[0m [35mTRACE[0m [2mtokio_util::codec::framed_impl[0m[2m:[0m [2m201:[0m attempting to decode a frame
[2m2024-06-21T23:53:59.475699Z[0m [35mTRACE[0m [1mreserve_capacity[0m[1m{[0m[3mstream.id[0m[2m=[0mStreamId(1) [3mrequested[0m[2m=[0m1 [3meffective[0m[2m=[0m1 [3mcurr[0m[2m=[0m0[1m}[0m[2m:[0m[1mtry_assign_capacity[0m[1m{[0m[3mstream.id[0m[2m=[0mStreamId(1)[1m}[0m[2m:[0m [2mh2::proto::streams::stream[0m[2m:[0m [2m328:[0m   notifying task
[2m2024-06-21T23:53:59.475802Z[0m [35mTRACE[0m [2mtokio_postgres::connection[0m[2m:[0m [2m106:[0m poll_read: waiting on response    
[2m2024-06-21T23:53:59.475792Z[0m [35mTRACE[0m [1mreserve_capacity[0m[1m{[0m[3mstream.id[0m[2m=[0mStreamId(1) [3mrequested[0m[2m=[0m1 [3meffective[0m[2m=[0m1 [3mcurr[0m[2m=[0m0[1m}[0m[2m:[0m[1mtry_assign_capacity[0m[1m{[0m[3mstream.id[0m[2m=[0mStreamId(1)[1m}[0m[2m:[0m [2mh2::proto::streams::prioritize[0m[2m:[0m [2m469:[0m [3mavailable[0m[2m=[0m1 [3mrequested[0m[2m=[0m1 [3mbuffered[0m[2m=[0m0 [3mhas_unavailable[0m[2m=[0mtrue
[2m2024-06-21T23:53:59.475873Z[0m [35mTRACE[0m [2mtokio_postgres::connection[0m[2m:[0m [2m228:[0m poll_write: waiting on request    
[2m2024-06-21T23:53:59.475924Z[0m [35mTRACE[0m [2mtokio_util::codec::framed_impl[0m[2m:[0m [2m280:[0m flushing framed transport
[2m2024-06-21T23:53:59.475970Z[0m [35mTRACE[0m [2mtokio_util::codec::framed_impl[0m[2m:[0m [2m302:[0m framed transport flushed
[2m2024-06-21T23:53:59.476016Z[0m [35mTRACE[0m [2mtokio_postgres::connection[0m[2m:[0m [2m270:[0m poll_flush: flushed    
[2m2024-06-21T23:53:59.476067Z[0m [35mTRACE[0m [2mhyper::proto::h2[0m[2m:[0m [2m161:[0m send body chunk: 25 bytes, eos=false
[2m2024-06-21T23:53:59.476218Z[0m [35mTRACE[0m [1msend_data[0m[1m{[0m[3msz[0m[2m=[0m25 [3mrequested[0m[2m=[0m1[1m}[0m[2m:[0m [2mh2::proto::streams::prioritize[0m[2m:[0m [2m178:[0m [3mbuffered[0m[2m=[0m25
[2m2024-06-21T23:53:59.476370Z[0m [35mTRACE[0m [1msend_data[0m[1m{[0m[3msz[0m[2m=[0m25 [3mrequested[0m[2m=[0m1[1m}[0m[2m:[0m[1mtry_assign_capacity[0m[1m{[0m[3mstream.id[0m[2m=[0mStreamId(1)[1m}[0m[2m:[0m [2mh2::proto::streams::prioritize[0m[2m:[0m [2m427:[0m [3mrequested[0m[2m=[0m25 [3madditional[0m[2m=[0m24 [3mbuffered[0m[2m=[0m25 [3mwindow[0m[2m=[0m2097152 [3mconn[0m[2m=[0m5242879
[2m2024-06-21T23:53:59.476481Z[0m [35mTRACE[0m [1msend_data[0m[1m{[0m[3msz[0m[2m=[0m25 [3mrequested[0m[2m=[0m1[1m}[0m[2m:[0m[1mtry_assign_capacity[0m[1m{[0m[3mstream.id[0m[2m=[0mStreamId(1)[1m}[0m[2m:[0m [2mh2::proto::streams::prioritize[0m[2m:[0m [2m458:[0m assigning [3mcapacity[0m[2m=[0m24
[2m2024-06-21T23:53:59.476571Z[0m [35mTRACE[0m [1msend_data[0m[1m{[0m[3msz[0m[2m=[0m25 [3mrequested[0m[2m=[0m1[1m}[0m[2m:[0m[1mtry_assign_capacity[0m[1m{[0m[3mstream.id[0m[2m=[0mStreamId(1)[1m}[0m[2m:[0m [2mh2::proto::streams::stream[0m[2m:[0m [2m284:[0m   assigned capacity to stream; available=25; buffered=25; id=StreamId(1); max_buffer_size=409600 prev=0
[2m2024-06-21T23:53:59.476656Z[0m [35mTRACE[0m [1msend_data[0m[1m{[0m[3msz[0m[2m=[0m25 [3mrequested[0m[2m=[0m1[1m}[0m[2m:[0m[1mtry_assign_capacity[0m[1m{[0m[3mstream.id[0m[2m=[0mStreamId(1)[1m}[0m[2m:[0m [2mh2::proto::streams::prioritize[0m[2m:[0m [2m469:[0m [3mavailable[0m[2m=[0m25 [3mrequested[0m[2m=[0m25 [3mbuffered[0m[2m=[0m25 [3mhas_unavailable[0m[2m=[0mtrue
[2m2024-06-21T23:53:59.476794Z[0m [35mTRACE[0m [1msend_data[0m[1m{[0m[3msz[0m[2m=[0m25 [3mrequested[0m[2m=[0m1[1m}[0m[2m:[0m[1mtry_assign_capacity[0m[1m{[0m[3mstream.id[0m[2m=[0mStreamId(1)[1m}[0m[2m:[0m [2mh2::proto::streams::store[0m[2m:[0m [2m259:[0m Queue::push_back
[2m2024-06-21T23:53:59.476889Z[0m [35mTRACE[0m [1msend_data[0m[1m{[0m[3msz[0m[2m=[0m25 [3mrequested[0m[2m=[0m1[1m}[0m[2m:[0m[1mtry_assign_capacity[0m[1m{[0m[3mstream.id[0m[2m=[0mStreamId(1)[1m}[0m[2m:[0m [2mh2::proto::streams::store[0m[2m:[0m [2m262:[0m  -> already queued
[2m2024-06-21T23:53:59.477024Z[0m [35mTRACE[0m [1msend_data[0m[1m{[0m[3msz[0m[2m=[0m25 [3mrequested[0m[2m=[0m1[1m}[0m[2m:[0m [2mh2::proto::streams::prioritize[0m[2m:[0m [2m203:[0m [3mavailable[0m[2m=[0m25 [3mbuffered[0m[2m=[0m25
[2m2024-06-21T23:53:59.477191Z[0m [35mTRACE[0m [1msend_data[0m[1m{[0m[3msz[0m[2m=[0m25 [3mrequested[0m[2m=[0m1[1m}[0m[2m:[0m[1mPrioritize::queue_frame[0m[1m{[0m[3mstream.id[0m[2m=[0mStreamId(1)[1m}[0m[2m:[0m [2mh2::proto::streams::prioritize[0m[2m:[0m [2m129:[0m schedule_send [3mstream.id[0m[2m=[0mStreamId(1)
[2m2024-06-21T23:53:59.477286Z[0m [35mTRACE[0m [1msend_data[0m[1m{[0m[3msz[0m[2m=[0m25 [3mrequested[0m[2m=[0m1[1m}[0m[2m:[0m[1mPrioritize::queue_frame[0m[1m{[0m[3mstream.id[0m[2m=[0mStreamId(1)[1m}[0m[2m:[0m [2mh2::proto::streams::store[0m[2m:[0m [2m259:[0m Queue::push_back
[2m2024-06-21T23:53:59.477362Z[0m [35mTRACE[0m [1msend_data[0m[1m{[0m[3msz[0m[2m=[0m25 [3mrequested[0m[2m=[0m1[1m}[0m[2m:[0m[1mPrioritize::queue_frame[0m[1m{[0m[3mstream.id[0m[2m=[0mStreamId(1)[1m}[0m[2m:[0m [2mh2::proto::streams::store[0m[2m:[0m [2m262:[0m  -> already queued
[2m2024-06-21T23:53:59.477493Z[0m [35mTRACE[0m [2mh2::proto::streams::counts[0m[2m:[0m [2m211:[0m transition_after; stream=StreamId(1); state=State { inner: HalfClosedRemote(Streaming) }; is_closed=false; pending_send_empty=false; buffered_send_data=25; num_recv=1; num_send=0
[2m2024-06-21T23:53:59.477688Z[0m [35mTRACE[0m [1mreserve_capacity[0m[1m{[0m[3mstream.id[0m[2m=[0mStreamId(1) [3mrequested[0m[2m=[0m1 [3meffective[0m[2m=[0m26 [3mcurr[0m[2m=[0m25[1m}[0m[2m:[0m[1mtry_assign_capacity[0m[1m{[0m[3mstream.id[0m[2m=[0mStreamId(1)[1m}[0m[2m:[0m [2mh2::proto::streams::prioritize[0m[2m:[0m [2m427:[0m [3mrequested[0m[2m=[0m26 [3madditional[0m[2m=[0m1 [3mbuffered[0m[2m=[0m25 [3mwindow[0m[2m=[0m2097152 [3mconn[0m[2m=[0m5242855
[2m2024-06-21T23:53:59.477801Z[0m [35mTRACE[0m [1mreserve_capacity[0m[1m{[0m[3mstream.id[0m[2m=[0mStreamId(1) [3mrequested[0m[2m=[0m1 [3meffective[0m[2m=[0m26 [3mcurr[0m[2m=[0m25[1m}[0m[2m:[0m[1mtry_assign_capacity[0m[1m{[0m[3mstream.id[0m[2m=[0mStreamId(1)[1m}[0m[2m:[0m [2mh2::proto::streams::prioritize[0m[2m:[0m [2m458:[0m assigning [3mcapacity[0m[2m=[0m1
[2m2024-06-21T23:53:59.477886Z[0m [35mTRACE[0m [1mreserve_capacity[0m[1m{[0m[3mstream.id[0m[2m=[0mStreamId(1) [3mrequested[0m[2m=[0m1 [3meffective[0m[2m=[0m26 [3mcurr[0m[2m=[0m25[1m}[0m[2m:[0m[1mtry_assign_capacity[0m[1m{[0m[3mstream.id[0m[2m=[0mStreamId(1)[1m}[0m[2m:[0m [2mh2::proto::streams::stream[0m[2m:[0m [2m284:[0m   assigned capacity to stream; available=26; buffered=25; id=StreamId(1); max_buffer_size=409600 prev=0
[2m2024-06-21T23:53:59.477968Z[0m [35mTRACE[0m [1mreserve_capacity[0m[1m{[0m[3mstream.id[0m[2m=[0mStreamId(1) [3mrequested[0m[2m=[0m1 [3meffective[0m[2m=[0m26 [3mcurr[0m[2m=[0m25[1m}[0m[2m:[0m[1mtry_assign_capacity[0m[1m{[0m[3mstream.id[0m[2m=[0mStreamId(1)[1m}[0m[2m:[0m [2mh2::proto::streams::stream[0m[2m:[0m [2m328:[0m   notifying task
[2m2024-06-21T23:53:59.478055Z[0m [35mTRACE[0m [1mreserve_capacity[0m[1m{[0m[3mstream.id[0m[2m=[0mStreamId(1) [3mrequested[0m[2m=[0m1 [3meffective[0m[2m=[0m26 [3mcurr[0m[2m=[0m25[1m}[0m[2m:[0m[1mtry_assign_capacity[0m[1m{[0m[3mstream.id[0m[2m=[0mStreamId(1)[1m}[0m[2m:[0m [2mh2::proto::streams::prioritize[0m[2m:[0m [2m469:[0m [3mavailable[0m[2m=[0m26 [3mrequested[0m[2m=[0m26 [3mbuffered[0m[2m=[0m25 [3mhas_unavailable[0m[2m=[0mtrue
[2m2024-06-21T23:53:59.478183Z[0m [35mTRACE[0m [1mreserve_capacity[0m[1m{[0m[3mstream.id[0m[2m=[0mStreamId(1) [3mrequested[0m[2m=[0m1 [3meffective[0m[2m=[0m26 [3mcurr[0m[2m=[0m25[1m}[0m[2m:[0m[1mtry_assign_capacity[0m[1m{[0m[3mstream.id[0m[2m=[0mStreamId(1)[1m}[0m[2m:[0m [2mh2::proto::streams::store[0m[2m:[0m [2m259:[0m Queue::push_back
[2m2024-06-21T23:53:59.478268Z[0m [35mTRACE[0m [1mreserve_capacity[0m[1m{[0m[3mstream.id[0m[2m=[0mStreamId(1) [3mrequested[0m[2m=[0m1 [3meffective[0m[2m=[0m26 [3mcurr[0m[2m=[0m25[1m}[0m[2m:[0m[1mtry_assign_capacity[0m[1m{[0m[3mstream.id[0m[2m=[0mStreamId(1)[1m}[0m[2m:[0m [2mh2::proto::streams::store[0m[2m:[0m [2m262:[0m  -> already queued
[2m2024-06-21T23:53:59.478731Z[0m [35mTRACE[0m [2mh2::proto::streams::state[0m[2m:[0m [2m327:[0m send_close: HalfClosedRemote => Closed
[2m2024-06-21T23:53:59.478851Z[0m [35mTRACE[0m [2mh2::proto::streams::send[0m[2m:[0m [2m284:[0m send_trailers -- queuing; frame=Headers { stream_id: StreamId(1), flags: (0x5: END_HEADERS | END_STREAM) }
[2m2024-06-21T23:53:59.479006Z[0m [35mTRACE[0m [1mPrioritize::queue_frame[0m[1m{[0m[3mstream.id[0m[2m=[0mStreamId(1)[1m}[0m[2m:[0m [2mh2::proto::streams::prioritize[0m[2m:[0m [2m129:[0m schedule_send [3mstream.id[0m[2m=[0mStreamId(1)
[2m2024-06-21T23:53:59.479123Z[0m [35mTRACE[0m [1mPrioritize::queue_frame[0m[1m{[0m[3mstream.id[0m[2m=[0mStreamId(1)[1m}[0m[2m:[0m [2mh2::proto::streams::store[0m[2m:[0m [2m259:[0m Queue::push_back
[2m2024-06-21T23:53:59.479198Z[0m [35mTRACE[0m [1mPrioritize::queue_frame[0m[1m{[0m[3mstream.id[0m[2m=[0mStreamId(1)[1m}[0m[2m:[0m [2mh2::proto::streams::store[0m[2m:[0m [2m262:[0m  -> already queued
[2m2024-06-21T23:53:59.479425Z[0m [35mTRACE[0m [2mh2::proto::streams::counts[0m[2m:[0m [2m211:[0m transition_after; stream=StreamId(1); state=State { inner: Closed(EndStream) }; is_closed=false; pending_send_empty=false; buffered_send_data=25; num_recv=1; num_send=0
[2m2024-06-21T23:53:59.479516Z[0m [35mTRACE[0m [2mh2::proto::streams::streams[0m[2m:[0m [2m1442:[0m drop_stream_ref; stream=Stream { id: StreamId(1), state: State { inner: Closed(EndStream) }, is_counted: true, ref_count: 2, next_pending_send: None, is_pending_send: true, send_flow: FlowControl { window_size: Window(2097152), available: Window(25) }, requested_send_capacity: 25, buffered_send_data: 25, send_task: Some(Waker { data: 0x7fffec00b600, vtable: 0x555556670160 }), pending_send: Deque { indices: Some(Indices { head: 0, tail: 2 }) }, next_pending_send_capacity: None, is_pending_send_capacity: false, send_capacity_inc: true, next_open: None, is_pending_open: false, is_pending_push: false, next_pending_accept: None, is_pending_accept: false, recv_flow: FlowControl { window_size: Window(1048553), available: Window(1048576) }, in_flight_recv_data: 0, next_window_update: None, is_pending_window_update: false, reset_at: None, next_reset_expire: None, pending_recv: Deque { indices: None }, is_recv: false, recv_task: None, pending_push_promises: Queue { indices: None, _p: PhantomData<h2::proto::streams::stream::NextAccept> }, content_length: Omitted }
[2m2024-06-21T23:53:59.479632Z[0m [35mTRACE[0m [2mh2::proto::streams::counts[0m[2m:[0m [2m211:[0m transition_after; stream=StreamId(1); state=State { inner: Closed(EndStream) }; is_closed=false; pending_send_empty=false; buffered_send_data=25; num_recv=1; num_send=0
[2m2024-06-21T23:53:59.479687Z[0m [35mTRACE[0m [2mh2::proto::streams::streams[0m[2m:[0m [2m1442:[0m drop_stream_ref; stream=Stream { id: StreamId(1), state: State { inner: Closed(EndStream) }, is_counted: true, ref_count: 1, next_pending_send: None, is_pending_send: true, send_flow: FlowControl { window_size: Window(2097152), available: Window(25) }, requested_send_capacity: 25, buffered_send_data: 25, send_task: Some(Waker { data: 0x7fffec00b600, vtable: 0x555556670160 }), pending_send: Deque { indices: Some(Indices { head: 0, tail: 2 }) }, next_pending_send_capacity: None, is_pending_send_capacity: false, send_capacity_inc: true, next_open: None, is_pending_open: false, is_pending_push: false, next_pending_accept: None, is_pending_accept: false, recv_flow: FlowControl { window_size: Window(1048553), available: Window(1048576) }, in_flight_recv_data: 0, next_window_update: None, is_pending_window_update: false, reset_at: None, next_reset_expire: None, pending_recv: Deque { indices: None }, is_recv: false, recv_task: None, pending_push_promises: Queue { indices: None, _p: PhantomData<h2::proto::streams::stream::NextAccept> }, content_length: Omitted }
[2m2024-06-21T23:53:59.479819Z[0m [35mTRACE[0m [2mh2::proto::streams::counts[0m[2m:[0m [2m211:[0m transition_after; stream=StreamId(1); state=State { inner: Closed(EndStream) }; is_closed=false; pending_send_empty=false; buffered_send_data=25; num_recv=1; num_send=0
[2m2024-06-21T23:53:59.480057Z[0m [35mTRACE[0m [1mserver_handshake[0m[2m:[0m[1mConnection[0m[1m{[0m[3mpeer[0m[2m=[0mServer[1m}[0m[2m:[0m[1mpoll[0m[2m:[0m [2mh2::proto::connection[0m[2m:[0m [2m265:[0m [3mconnection.state[0m[2m=[0mOpen
[2m2024-06-21T23:53:59.480368Z[0m [35mTRACE[0m [1mserver_handshake[0m[2m:[0m[1mConnection[0m[1m{[0m[3mpeer[0m[2m=[0mServer[1m}[0m[2m:[0m[1mpoll[0m[2m:[0m[1mFramedRead::poll_next[0m[2m:[0m [2mh2::codec::framed_read[0m[2m:[0m [2m345:[0m poll
[2m2024-06-21T23:53:59.480652Z[0m [35mTRACE[0m [1mserver_handshake[0m[2m:[0m[1mConnection[0m[1m{[0m[3mpeer[0m[2m=[0mServer[1m}[0m[2m:[0m[1mpoll[0m[2m:[0m [2mh2::proto::streams::prioritize[0m[2m:[0m [2m528:[0m poll_complete
[2m2024-06-21T23:53:59.480772Z[0m [35mTRACE[0m [1mserver_handshake[0m[2m:[0m[1mConnection[0m[1m{[0m[3mpeer[0m[2m=[0mServer[1m}[0m[2m:[0m[1mpoll[0m[2m:[0m [2mh2::proto::streams::prioritize[0m[2m:[0m [2m893:[0m schedule_pending_open
[2m2024-06-21T23:53:59.481001Z[0m [35mTRACE[0m [1mserver_handshake[0m[2m:[0m[1mConnection[0m[1m{[0m[3mpeer[0m[2m=[0mServer[1m}[0m[2m:[0m[1mpoll[0m[2m:[0m[1mpop_frame[0m[2m:[0m[1mpopped[0m[1m{[0m[3mstream.id[0m[2m=[0mStreamId(1) [3mstream.state[0m[2m=[0mState { inner: Closed(EndStream) }[1m}[0m[2m:[0m [2mh2::proto::streams::prioritize[0m[2m:[0m [2m722:[0m [3mis_pending_reset[0m[2m=[0mfalse
[2m2024-06-21T23:53:59.481294Z[0m [35mTRACE[0m [1mserver_handshake[0m[2m:[0m[1mConnection[0m[1m{[0m[3mpeer[0m[2m=[0mServer[1m}[0m[2m:[0m[1mpoll[0m[2m:[0m[1mpop_frame[0m[2m:[0m[1mpopped[0m[1m{[0m[3mstream.id[0m[2m=[0mStreamId(1) [3mstream.state[0m[2m=[0mState { inner: Closed(EndStream) }[1m}[0m[2m:[0m [2mh2::proto::streams::prioritize[0m[2m:[0m [2m864:[0m pop_frame; frame=Headers { stream_id: StreamId(1), flags: (0x4: END_HEADERS) }
[2m2024-06-21T23:53:59.481415Z[0m [35mTRACE[0m [1mserver_handshake[0m[2m:[0m[1mConnection[0m[1m{[0m[3mpeer[0m[2m=[0mServer[1m}[0m[2m:[0m[1mpoll[0m[2m:[0m[1mpop_frame[0m[2m:[0m[1mpopped[0m[1m{[0m[3mstream.id[0m[2m=[0mStreamId(1) [3mstream.state[0m[2m=[0mState { inner: Closed(EndStream) }[1m}[0m[2m:[0m [2mh2::proto::streams::store[0m[2m:[0m [2m259:[0m Queue::push_back
[2m2024-06-21T23:53:59.482597Z[0m [35mTRACE[0m [1mserver_handshake[0m[2m:[0m[1mConnection[0m[1m{[0m[3mpeer[0m[2m=[0mServer[1m}[0m[2m:[0m[1mpoll[0m[2m:[0m[1mpop_frame[0m[2m:[0m[1mpopped[0m[1m{[0m[3mstream.id[0m[2m=[0mStreamId(1) [3mstream.state[0m[2m=[0mState { inner: Closed(EndStream) }[1m}[0m[2m:[0m [2mh2::proto::streams::store[0m[2m:[0m [2m284:[0m  -> first entry
[2m2024-06-21T23:53:59.482907Z[0m [35mTRACE[0m [1mserver_handshake[0m[2m:[0m[1mConnection[0m[1m{[0m[3mpeer[0m[2m=[0mServer[1m}[0m[2m:[0m[1mpoll[0m[2m:[0m[1mpop_frame[0m[2m:[0m[1mpopped[0m[1m{[0m[3mstream.id[0m[2m=[0mStreamId(1) [3mstream.state[0m[2m=[0mState { inner: Closed(EndStream) }[1m}[0m[2m:[0m [2mh2::proto::streams::counts[0m[2m:[0m [2m211:[0m transition_after; stream=StreamId(1); state=State { inner: Closed(EndStream) }; is_closed=false; pending_send_empty=false; buffered_send_data=25; num_recv=1; num_send=0
[2m2024-06-21T23:53:59.483163Z[0m [35mTRACE[0m [1mserver_handshake[0m[2m:[0m[1mConnection[0m[1m{[0m[3mpeer[0m[2m=[0mServer[1m}[0m[2m:[0m[1mpoll[0m[2m:[0m [2mh2::proto::streams::prioritize[0m[2m:[0m [2m538:[0m writing [3mframe[0m[2m=[0mHeaders { stream_id: StreamId(1), flags: (0x4: END_HEADERS) }
[2m2024-06-21T23:53:59.483383Z[0m [34mDEBUG[0m [1mserver_handshake[0m[2m:[0m[1mConnection[0m[1m{[0m[3mpeer[0m[2m=[0mServer[1m}[0m[2m:[0m[1mpoll[0m[2m:[0m[1mFramedWrite::buffer[0m[1m{[0m[3mframe[0m[2m=[0mHeaders { stream_id: StreamId(1), flags: (0x4: END_HEADERS) }[1m}[0m[2m:[0m [2mh2::codec::framed_write[0m[2m:[0m [2m213:[0m send [3mframe[0m[2m=[0mHeaders { stream_id: StreamId(1), flags: (0x4: END_HEADERS) }
[2m2024-06-21T23:53:59.484001Z[0m [35mTRACE[0m [1mserver_handshake[0m[2m:[0m[1mConnection[0m[1m{[0m[3mpeer[0m[2m=[0mServer[1m}[0m[2m:[0m[1mpoll[0m[2m:[0m [2mh2::proto::streams::prioritize[0m[2m:[0m [2m893:[0m schedule_pending_open
[2m2024-06-21T23:53:59.484246Z[0m [35mTRACE[0m [1mserver_handshake[0m[2m:[0m[1mConnection[0m[1m{[0m[3mpeer[0m[2m=[0mServer[1m}[0m[2m:[0m[1mpoll[0m[2m:[0m[1mpop_frame[0m[2m:[0m[1mpopped[0m[1m{[0m[3mstream.id[0m[2m=[0mStreamId(1) [3mstream.state[0m[2m=[0mState { inner: Closed(EndStream) }[1m}[0m[2m:[0m [2mh2::proto::streams::prioritize[0m[2m:[0m [2m722:[0m [3mis_pending_reset[0m[2m=[0mfalse
[2m2024-06-21T23:53:59.484420Z[0m [35mTRACE[0m [1mserver_handshake[0m[2m:[0m[1mConnection[0m[1m{[0m[3mpeer[0m[2m=[0mServer[1m}[0m[2m:[0m[1mpoll[0m[2m:[0m[1mpop_frame[0m[2m:[0m[1mpopped[0m[1m{[0m[3mstream.id[0m[2m=[0mStreamId(1) [3mstream.state[0m[2m=[0mState { inner: Closed(EndStream) }[1m}[0m[2m:[0m [2mh2::proto::streams::prioritize[0m[2m:[0m [2m731:[0m data frame [3msz[0m[2m=[0m25 [3meos[0m[2m=[0mfalse [3mwindow[0m[2m=[0m25 [3mavailable[0m[2m=[0m25 [3mrequested[0m[2m=[0m25 [3mbuffered[0m[2m=[0m25
[2m2024-06-21T23:53:59.484563Z[0m [35mTRACE[0m [1mserver_handshake[0m[2m:[0m[1mConnection[0m[1m{[0m[3mpeer[0m[2m=[0mServer[1m}[0m[2m:[0m[1mpoll[0m[2m:[0m[1mpop_frame[0m[2m:[0m[1mpopped[0m[1m{[0m[3mstream.id[0m[2m=[0mStreamId(1) [3mstream.state[0m[2m=[0mState { inner: Closed(EndStream) }[1m}[0m[2m:[0m [2mh2::proto::streams::prioritize[0m[2m:[0m [2m780:[0m sending data frame [3mlen[0m[2m=[0m25
[2m2024-06-21T23:53:59.484739Z[0m [35mTRACE[0m [1mserver_handshake[0m[2m:[0m[1mConnection[0m[1m{[0m[3mpeer[0m[2m=[0mServer[1m}[0m[2m:[0m[1mpoll[0m[2m:[0m[1mpop_frame[0m[2m:[0m[1mpopped[0m[1m{[0m[3mstream.id[0m[2m=[0mStreamId(1) [3mstream.state[0m[2m=[0mState { inner: Closed(EndStream) }[1m}[0m[2m:[0m[1mupdating stream flow[0m[2m:[0m [2mh2::proto::streams::flow_control[0m[2m:[0m [2m171:[0m send_data; sz=25; window=2097152; available=25
[2m2024-06-21T23:53:59.484863Z[0m [35mTRACE[0m [1mserver_handshake[0m[2m:[0m[1mConnection[0m[1m{[0m[3mpeer[0m[2m=[0mServer[1m}[0m[2m:[0m[1mpoll[0m[2m:[0m[1mpop_frame[0m[2m:[0m[1mpopped[0m[1m{[0m[3mstream.id[0m[2m=[0mStreamId(1) [3mstream.state[0m[2m=[0mState { inner: Closed(EndStream) }[1m}[0m[2m:[0m[1mupdating stream flow[0m[2m:[0m [2mh2::proto::streams::stream[0m[2m:[0m [2m310:[0m   sent stream data; available=0; buffered=0; id=StreamId(1); max_buffer_size=409600 prev=0
[2m2024-06-21T23:53:59.485109Z[0m [35mTRACE[0m [1mserver_handshake[0m[2m:[0m[1mConnection[0m[1m{[0m[3mpeer[0m[2m=[0mServer[1m}[0m[2m:[0m[1mpoll[0m[2m:[0m[1mpop_frame[0m[2m:[0m[1mpopped[0m[1m{[0m[3mstream.id[0m[2m=[0mStreamId(1) [3mstream.state[0m[2m=[0mState { inner: Closed(EndStream) }[1m}[0m[2m:[0m[1mupdating connection flow[0m[2m:[0m [2mh2::proto::streams::flow_control[0m[2m:[0m [2m171:[0m send_data; sz=25; window=5242880; available=5242880
[2m2024-06-21T23:53:59.485299Z[0m [35mTRACE[0m [1mserver_handshake[0m[2m:[0m[1mConnection[0m[1m{[0m[3mpeer[0m[2m=[0mServer[1m}[0m[2m:[0m[1mpoll[0m[2m:[0m[1mpop_frame[0m[2m:[0m[1mpopped[0m[1m{[0m[3mstream.id[0m[2m=[0mStreamId(1) [3mstream.state[0m[2m=[0mState { inner: Closed(EndStream) }[1m}[0m[2m:[0m [2mh2::proto::streams::prioritize[0m[2m:[0m [2m864:[0m pop_frame; frame=Data { stream_id: StreamId(1) }
[2m2024-06-21T23:53:59.485419Z[0m [35mTRACE[0m [1mserver_handshake[0m[2m:[0m[1mConnection[0m[1m{[0m[3mpeer[0m[2m=[0mServer[1m}[0m[2m:[0m[1mpoll[0m[2m:[0m[1mpop_frame[0m[2m:[0m[1mpopped[0m[1m{[0m[3mstream.id[0m[2m=[0mStreamId(1) [3mstream.state[0m[2m=[0mState { inner: Closed(EndStream) }[1m}[0m[2m:[0m [2mh2::proto::streams::store[0m[2m:[0m [2m259:[0m Queue::push_back
[2m2024-06-21T23:53:59.485523Z[0m [35mTRACE[0m [1mserver_handshake[0m[2m:[0m[1mConnection[0m[1m{[0m[3mpeer[0m[2m=[0mServer[1m}[0m[2m:[0m[1mpoll[0m[2m:[0m[1mpop_frame[0m[2m:[0m[1mpopped[0m[1m{[0m[3mstream.id[0m[2m=[0mStreamId(1) [3mstream.state[0m[2m=[0mState { inner: Closed(EndStream) }[1m}[0m[2m:[0m [2mh2::proto::streams::store[0m[2m:[0m [2m284:[0m  -> first entry
[2m2024-06-21T23:53:59.485623Z[0m [35mTRACE[0m [1mserver_handshake[0m[2m:[0m[1mConnection[0m[1m{[0m[3mpeer[0m[2m=[0mServer[1m}[0m[2m:[0m[1mpoll[0m[2m:[0m[1mpop_frame[0m[2m:[0m[1mpopped[0m[1m{[0m[3mstream.id[0m[2m=[0mStreamId(1) [3mstream.state[0m[2m=[0mState { inner: Closed(EndStream) }[1m}[0m[2m:[0m [2mh2::proto::streams::counts[0m[2m:[0m [2m211:[0m transition_after; stream=StreamId(1); state=State { inner: Closed(EndStream) }; is_closed=false; pending_send_empty=false; buffered_send_data=0; num_recv=1; num_send=0
[2m2024-06-21T23:53:59.485789Z[0m [35mTRACE[0m [1mserver_handshake[0m[2m:[0m[1mConnection[0m[1m{[0m[3mpeer[0m[2m=[0mServer[1m}[0m[2m:[0m[1mpoll[0m[2m:[0m [2mh2::proto::streams::prioritize[0m[2m:[0m [2m538:[0m writing [3mframe[0m[2m=[0mData { stream_id: StreamId(1) }
[2m2024-06-21T23:53:59.485972Z[0m [34mDEBUG[0m [1mserver_handshake[0m[2m:[0m[1mConnection[0m[1m{[0m[3mpeer[0m[2m=[0mServer[1m}[0m[2m:[0m[1mpoll[0m[2m:[0m[1mFramedWrite::buffer[0m[1m{[0m[3mframe[0m[2m=[0mData { stream_id: StreamId(1) }[1m}[0m[2m:[0m [2mh2::codec::framed_write[0m[2m:[0m [2m213:[0m send [3mframe[0m[2m=[0mData { stream_id: StreamId(1) }
[2m2024-06-21T23:53:59.486313Z[0m [35mTRACE[0m [1mserver_handshake[0m[2m:[0m[1mConnection[0m[1m{[0m[3mpeer[0m[2m=[0mServer[1m}[0m[2m:[0m[1mpoll[0m[2m:[0m[1mtry_reclaim_frame[0m[2m:[0m [2mh2::proto::streams::prioritize[0m[2m:[0m [2m604:[0m reclaimed [3mframe[0m[2m=[0mData { stream_id: StreamId(1) } [3msz[0m[2m=[0m0
[2m2024-06-21T23:53:59.486497Z[0m [35mTRACE[0m [1mserver_handshake[0m[2m:[0m[1mConnection[0m[1m{[0m[3mpeer[0m[2m=[0mServer[1m}[0m[2m:[0m[1mpoll[0m[2m:[0m [2mh2::proto::streams::prioritize[0m[2m:[0m [2m893:[0m schedule_pending_open
[2m2024-06-21T23:53:59.486704Z[0m [35mTRACE[0m [1mserver_handshake[0m[2m:[0m[1mConnection[0m[1m{[0m[3mpeer[0m[2m=[0mServer[1m}[0m[2m:[0m[1mpoll[0m[2m:[0m[1mpop_frame[0m[2m:[0m[1mpopped[0m[1m{[0m[3mstream.id[0m[2m=[0mStreamId(1) [3mstream.state[0m[2m=[0mState { inner: Closed(EndStream) }[1m}[0m[2m:[0m [2mh2::proto::streams::prioritize[0m[2m:[0m [2m722:[0m [3mis_pending_reset[0m[2m=[0mfalse
[2m2024-06-21T23:53:59.486912Z[0m [35mTRACE[0m [1mserver_handshake[0m[2m:[0m[1mConnection[0m[1m{[0m[3mpeer[0m[2m=[0mServer[1m}[0m[2m:[0m[1mpoll[0m[2m:[0m[1mpop_frame[0m[2m:[0m[1mpopped[0m[1m{[0m[3mstream.id[0m[2m=[0mStreamId(1) [3mstream.state[0m[2m=[0mState { inner: Closed(EndStream) }[1m}[0m[2m:[0m [2mh2::proto::streams::prioritize[0m[2m:[0m [2m864:[0m pop_frame; frame=Headers { stream_id: StreamId(1), flags: (0x5: END_HEADERS | END_STREAM) }
[2m2024-06-21T23:53:59.487039Z[0m [35mTRACE[0m [1mserver_handshake[0m[2m:[0m[1mConnection[0m[1m{[0m[3mpeer[0m[2m=[0mServer[1m}[0m[2m:[0m[1mpoll[0m[2m:[0m[1mpop_frame[0m[2m:[0m[1mpopped[0m[1m{[0m[3mstream.id[0m[2m=[0mStreamId(1) [3mstream.state[0m[2m=[0mState { inner: Closed(EndStream) }[1m}[0m[2m:[0m [2mh2::proto::streams::counts[0m[2m:[0m [2m211:[0m transition_after; stream=StreamId(1); state=State { inner: Closed(EndStream) }; is_closed=true; pending_send_empty=true; buffered_send_data=0; num_recv=1; num_send=0
[2m2024-06-21T23:53:59.487181Z[0m [35mTRACE[0m [1mserver_handshake[0m[2m:[0m[1mConnection[0m[1m{[0m[3mpeer[0m[2m=[0mServer[1m}[0m[2m:[0m[1mpoll[0m[2m:[0m[1mpop_frame[0m[2m:[0m[1mpopped[0m[1m{[0m[3mstream.id[0m[2m=[0mStreamId(1) [3mstream.state[0m[2m=[0mState { inner: Closed(EndStream) }[1m}[0m[2m:[0m [2mh2::proto::streams::counts[0m[2m:[0m [2m233:[0m dec_num_streams; stream=StreamId(1)
[2m2024-06-21T23:53:59.487388Z[0m [35mTRACE[0m [1mserver_handshake[0m[2m:[0m[1mConnection[0m[1m{[0m[3mpeer[0m[2m=[0mServer[1m}[0m[2m:[0m[1mpoll[0m[2m:[0m [2mh2::proto::streams::prioritize[0m[2m:[0m [2m538:[0m writing [3mframe[0m[2m=[0mHeaders { stream_id: StreamId(1), flags: (0x5: END_HEADERS | END_STREAM) }
[2m2024-06-21T23:53:59.487590Z[0m [34mDEBUG[0m [1mserver_handshake[0m[2m:[0m[1mConnection[0m[1m{[0m[3mpeer[0m[2m=[0mServer[1m}[0m[2m:[0m[1mpoll[0m[2m:[0m[1mFramedWrite::buffer[0m[1m{[0m[3mframe[0m[2m=[0mHeaders { stream_id: StreamId(1), flags: (0x5: END_HEADERS | END_STREAM) }[1m}[0m[2m:[0m [2mh2::codec::framed_write[0m[2m:[0m [2m213:[0m send [3mframe[0m[2m=[0mHeaders { stream_id: StreamId(1), flags: (0x5: END_HEADERS | END_STREAM) }
[2m2024-06-21T23:53:59.488427Z[0m [35mTRACE[0m [1mserver_handshake[0m[2m:[0m[1mConnection[0m[1m{[0m[3mpeer[0m[2m=[0mServer[1m}[0m[2m:[0m[1mpoll[0m[2m:[0m [2mh2::proto::streams::prioritize[0m[2m:[0m [2m893:[0m schedule_pending_open
[2m2024-06-21T23:53:59.488769Z[0m [35mTRACE[0m [1mserver_handshake[0m[2m:[0m[1mConnection[0m[1m{[0m[3mpeer[0m[2m=[0mServer[1m}[0m[2m:[0m[1mpoll[0m[2m:[0m[1mFramedWrite::flush[0m[2m:[0m [2mh2::codec::framed_write[0m[2m:[0m [2m143:[0m [3mqueued_data_frame[0m[2m=[0mfalse
[2m2024-06-21T23:53:59.489081Z[0m [35mTRACE[0m [1mserver_handshake[0m[2m:[0m[1mConnection[0m[1m{[0m[3mpeer[0m[2m=[0mServer[1m}[0m[2m:[0m[1mpoll[0m[2m:[0m[1mFramedWrite::flush[0m[2m:[0m [2mh2::codec::framed_write[0m[2m:[0m [2m159:[0m flushing buffer
[2m2024-06-21T23:53:59.494982Z[0m [35mTRACE[0m [1mserver_handshake[0m[2m:[0m[1mConnection[0m[1m{[0m[3mpeer[0m[2m=[0mServer[1m}[0m[2m:[0m[1mpoll[0m[2m:[0m [2mh2::proto::connection[0m[2m:[0m [2m265:[0m [3mconnection.state[0m[2m=[0mOpen
[2m2024-06-21T23:53:59.495420Z[0m [35mTRACE[0m [1mserver_handshake[0m[2m:[0m[1mConnection[0m[1m{[0m[3mpeer[0m[2m=[0mServer[1m}[0m[2m:[0m[1mpoll[0m[2m:[0m[1mFramedRead::poll_next[0m[2m:[0m [2mh2::codec::framed_read[0m[2m:[0m [2m345:[0m poll
[2m2024-06-21T23:53:59.495715Z[0m [35mTRACE[0m [1mserver_handshake[0m[2m:[0m[1mConnection[0m[1m{[0m[3mpeer[0m[2m=[0mServer[1m}[0m[2m:[0m[1mpoll[0m[2m:[0m [2mh2::proto::connection[0m[2m:[0m [2m531:[0m codec closed
[2m2024-06-21T23:53:59.495923Z[0m [35mTRACE[0m [1mserver_handshake[0m[2m:[0m[1mConnection[0m[1m{[0m[3mpeer[0m[2m=[0mServer[1m}[0m[2m:[0m[1mpoll[0m[2m:[0m [2mh2::proto::streams::streams[0m[2m:[0m [2m832:[0m Streams::recv_eof
[2m2024-06-21T23:53:59.496225Z[0m [35mTRACE[0m [1mserver_handshake[0m[2m:[0m[1mConnection[0m[1m{[0m[3mpeer[0m[2m=[0mServer[1m}[0m[2m:[0m[1mpoll[0m[2m:[0m [2mh2::proto::connection[0m[2m:[0m [2m265:[0m [3mconnection.state[0m[2m=[0mClosing(NO_ERROR, Library)
[2m2024-06-21T23:53:59.496399Z[0m [35mTRACE[0m [1mserver_handshake[0m[2m:[0m[1mConnection[0m[1m{[0m[3mpeer[0m[2m=[0mServer[1m}[0m[2m:[0m[1mpoll[0m[2m:[0m [2mh2::proto::connection[0m[2m:[0m [2m294:[0m connection closing after flush
[2m2024-06-21T23:53:59.496552Z[0m [35mTRACE[0m [1mserver_handshake[0m[2m:[0m[1mConnection[0m[1m{[0m[3mpeer[0m[2m=[0mServer[1m}[0m[2m:[0m[1mpoll[0m[2m:[0m[1mFramedWrite::flush[0m[2m:[0m [2mh2::codec::framed_write[0m[2m:[0m [2m159:[0m flushing buffer
[2m2024-06-21T23:53:59.496906Z[0m [35mTRACE[0m [1mserver_handshake[0m[2m:[0m[1mConnection[0m[1m{[0m[3mpeer[0m[2m=[0mServer[1m}[0m[2m:[0m[1mpoll[0m[2m:[0m [2mh2::proto::connection[0m[2m:[0m [2m265:[0m [3mconnection.state[0m[2m=[0mClosed(NO_ERROR, Library)
[2m2024-06-21T23:53:59.497168Z[0m [35mTRACE[0m [2mhyper::proto::h2::server[0m[2m:[0m [2m344:[0m incoming connection complete
[2m2024-06-21T23:53:59.497276Z[0m [35mTRACE[0m [2mh2::proto::streams::streams[0m[2m:[0m [2m832:[0m Streams::recv_eof
